Log file open, 12/10/18 01:18:28
LogWindows: Failed to load 'aqProf.dll' (GetLastError=126)
LogWindows: File 'aqProf.dll' does not exist
LogWindows: Failed to load 'VtuneApi.dll' (GetLastError=126)
LogWindows: File 'VtuneApi.dll' does not exist
LogWindows: Failed to load 'VtuneApi32e.dll' (GetLastError=126)
LogWindows: File 'VtuneApi32e.dll' does not exist
LogInit: Display: Running engine for game: ElfBowling
LogPlatformFile: Not using cached read wrapper
LogTaskGraph: Started task graph with 5 named threads and 14 total threads with 3 sets of task threads.
LogStats: Stats thread started at 0.183974
LogD3D11RHI: Loaded GFSDK_Aftermath_Lib.x64.dll
LogICUInternationalization: Display: ICU TimeZone Detection - Raw Offset: +0:00, Platform Override: ''
LogPluginManager: Mounting plugin Paper2D
LogPluginManager: Mounting plugin AISupport
LogPluginManager: Mounting plugin LightPropagationVolume
LogPluginManager: Mounting plugin CLionSourceCodeAccess
LogPluginManager: Mounting plugin CodeLiteSourceCodeAccess
LogPluginManager: Mounting plugin GitSourceControl
LogPluginManager: Mounting plugin KDevelopSourceCodeAccess
LogPluginManager: Mounting plugin NullSourceCodeAccess
LogPluginManager: Mounting plugin PerforceSourceControl
LogPluginManager: Mounting plugin SubversionSourceControl
LogPluginManager: Mounting plugin UObjectPlugin
LogPluginManager: Mounting plugin VisualStudioCodeSourceCodeAccess
LogPluginManager: Mounting plugin VisualStudioSourceCodeAccess
LogPluginManager: Mounting plugin XCodeSourceCodeAccess
LogPluginManager: Mounting plugin AssetManagerEditor
LogPluginManager: Mounting plugin CryptoKeys
LogPluginManager: Mounting plugin DataValidation
LogPluginManager: Mounting plugin FacialAnimation
LogPluginManager: Mounting plugin GameplayTagsEditor
LogPluginManager: Mounting plugin MacGraphicsSwitching
LogPluginManager: Mounting plugin MeshEditor
LogPluginManager: Mounting plugin MobileLauncherProfileWizard
LogPluginManager: Mounting plugin PluginBrowser
LogPluginManager: Mounting plugin SpeedTreeImporter
LogPluginManager: Mounting plugin DatasmithContent
LogPluginManager: Mounting plugin AlembicImporter
LogPluginManager: Mounting plugin AppleImageUtils
LogPluginManager: Mounting plugin AppleVision
LogPluginManager: Mounting plugin BackChannel
LogPluginManager: Mounting plugin CharacterAI
LogPluginManager: Mounting plugin GeometryCache
LogPluginManager: Mounting plugin HTML5Networking
LogPluginManager: Mounting plugin ProxyLODPlugin
LogPluginManager: Mounting plugin MagicLeap
LogPluginManager: Mounting plugin MagicLeapEmulator
LogPluginManager: Mounting plugin MagicLeapMedia
LogPluginManager: Mounting plugin AndroidMedia
LogPluginManager: Mounting plugin AvfMedia
LogPluginManager: Mounting plugin ImgMedia
LogPluginManager: Mounting plugin LinearTimecode
LogPluginManager: Mounting plugin MediaCompositing
LogPluginManager: Mounting plugin MediaPlayerEditor
LogPluginManager: Mounting plugin WmfMedia
LogPluginManager: Mounting plugin TcpMessaging
LogPluginManager: Mounting plugin UdpMessaging
LogPluginManager: Mounting plugin ActorSequence
LogPluginManager: Mounting plugin LevelSequenceEditor
LogPluginManager: Mounting plugin MatineeToLevelSequence
LogPluginManager: Mounting plugin NetcodeUnitTest
LogPluginManager: Mounting plugin NUTUnrealEngine4
LogPluginManager: Mounting plugin OnlineSubsystemGooglePlay
LogPluginManager: Mounting plugin OnlineSubsystemIOS
LogPluginManager: Mounting plugin OnlineSubsystem
LogPluginManager: Mounting plugin OnlineSubsystemNull
LogPluginManager: Mounting plugin OnlineSubsystemUtils
LogPluginManager: Mounting plugin LauncherChunkInstaller
LogPluginManager: Mounting plugin AndroidDeviceProfileSelector
LogPluginManager: Mounting plugin AndroidMoviePlayer
LogPluginManager: Mounting plugin AndroidPermission
LogPluginManager: Mounting plugin AppleMoviePlayer
LogPluginManager: Mounting plugin ArchVisCharacter
LogPluginManager: Mounting plugin AudioCapture
LogPluginManager: Mounting plugin CableComponent
LogPluginManager: Mounting plugin CustomMeshComponent
LogPluginManager: Mounting plugin EditableMesh
LogPluginManager: Mounting plugin ExampleDeviceProfileSelector
LogPluginManager: Mounting plugin GoogleCloudMessaging
LogPluginManager: Mounting plugin ImmediatePhysics
LogPluginManager: Mounting plugin IOSDeviceProfileSelector
LogPluginManager: Mounting plugin LinuxDeviceProfileSelector
LogPluginManager: Mounting plugin LocationServicesBPLibrary
LogPluginManager: Mounting plugin MobilePatchingUtils
LogPluginManager: Mounting plugin OculusVR
LogPluginManager: Plugin shader directory ../../../Engine/Plugins/Runtime/Oculus/OculusVR/Shaders found
LogPluginManager: Mapping shader source directory ../../../Engine/Plugins/Runtime/Oculus/OculusVR/Shaders to virtual directory /Plugin/OculusVR
LogPluginManager: Mounting plugin PhysXVehicles
LogPluginManager: Mounting plugin ProceduralMeshComponent
LogPluginManager: Mounting plugin RuntimePhysXCooking
LogPluginManager: Mounting plugin SteamVR
LogPluginManager: Mounting plugin WindowsMoviePlayer
LogStreaming: Display: Took  0.137s to configure plugins.
LogInit: Using libcurl 7.55.1-DEV
LogInit:  - built for x86_64-pc-win32
LogInit:  - supports SSL with OpenSSL/1.0.2h
LogInit:  - supports HTTP deflate (compression) using libz 1.2.8
LogInit:  - other features:
LogInit:      CURL_VERSION_SSL
LogInit:      CURL_VERSION_LIBZ
LogInit:      CURL_VERSION_IPV6
LogInit:      CURL_VERSION_ASYNCHDNS
LogInit:      CURL_VERSION_LARGEFILE
LogInit:      CURL_VERSION_IDN
LogInit:  CurlRequestOptions (configurable via config and command line):
LogInit:  - bVerifyPeer = false  - Libcurl will NOT verify peer certificate
LogInit:  - bUseHttpProxy = false  - Libcurl will NOT use HTTP proxy
LogInit:  - bDontReuseConnections = false  - Libcurl will reuse connections
LogInit:  - CertBundlePath = nullptr  - Libcurl will use whatever was configured at build time.
LogInit:  - MaxHostConnections = 16  - Libcurl will limit the number of connections to a host
LogInit:  - LocalHostAddr = Default
LogInit:  - BufferSize = 65536
LogInit: WinSock: version 1.1 (2.2), MaxSocks=32767, MaxUdp=65467
LogInit: Build: ++UE4+Release-4.20-CL-4369336
LogInit: Engine Version: 4.20.3-4369336+++UE4+Release-4.20
LogInit: Compatible Engine Version: 4.20.0-4212847+++UE4+Release-4.20
LogInit: Net CL: 4212847
LogInit: OS: Windows 10 (), CPU: Intel(R) Core(TM) i5-6600 CPU @ 3.30GHz, GPU: NVIDIA GeForce GTX 970
LogInit: Compiled (64-bit): Sep 17 2018 12:26:19
LogInit: Compiled with Visual C++: 19.13.26129.00
LogInit: Build Configuration: Development
LogInit: Branch Name: ++UE4+Release-4.20
LogInit: Command Line: -EpicPortal  -epicusername="TasGamer" -epicuserid=75455451a11a4e86936f96d58b7d0fbf -epiclocale=en-GB
LogInit: Base Directory: C:/Program Files/Epic Games/UE_4.20/Engine/Binaries/Win64/
LogInit: Installed Engine Build: 1
LogDevObjectVersion: Number of dev versions registered: 20
LogDevObjectVersion:   Dev-Blueprints (B0D832E4-1F89-4F0D-ACCF-7EB736FD4AA2): 10
LogDevObjectVersion:   Dev-Build (E1C64328-A22C-4D53-A36C-8E866417BD8C): 0
LogDevObjectVersion:   Dev-Core (375EC13C-06E4-48FB-B500-84F0262A717E): 2
LogDevObjectVersion:   Dev-Editor (E4B068ED-F494-42E9-A231-DA0B2E46BB41): 24
LogDevObjectVersion:   Dev-Framework (CFFC743F-43B0-4480-9391-14DF171D2073): 34
LogDevObjectVersion:   Dev-Mobile (B02B49B5-BB20-44E9-A304-32B752E40360): 2
LogDevObjectVersion:   Dev-Networking (A4E4105C-59A1-49B5-A7C5-40C4547EDFEE): 0
LogDevObjectVersion:   Dev-Online (39C831C9-5AE6-47DC-9A44-9C173E1C8E7C): 0
LogDevObjectVersion:   Dev-Physics (78F01B33-EBEA-4F98-B9B4-84EACCB95AA2): 0
LogDevObjectVersion:   Dev-Platform (6631380F-2D4D-43E0-8009-CF276956A95A): 0
LogDevObjectVersion:   Dev-Rendering (12F88B9F-8875-4AFC-A67C-D90C383ABD29): 26
LogDevObjectVersion:   Dev-Sequencer (7B5AE74C-D270-4C10-A958-57980B212A5A): 9
LogDevObjectVersion:   Dev-VR (D7296918-1DD6-4BDD-9DE2-64A83CC13884): 2
LogDevObjectVersion:   Dev-LoadTimes (C2A15278-BFE7-4AFE-6C17-90FF531DF755): 1
LogDevObjectVersion:   Private-Geometry (6EACA3D4-40EC-4CC1-B786-8BED09428FC5): 3
LogDevObjectVersion:   Dev-AnimPhys (29E575DD-E0A3-4627-9D10-D276232CDCEA): 17
LogDevObjectVersion:   Dev-ReflectionCapture (6B266CEC-1EC7-4B8F-A30B-E4D90942FC07): 1
LogDevObjectVersion:   Dev-Automation (0DF73D61-A23F-47EA-B727-89E90C41499A): 1
LogDevObjectVersion:   FortniteMain (601D1886-AC64-4F84-AA16-D3DE0DEAC7D6): 12
LogDevObjectVersion:   Dev-Enterprise (9DFFBCD6-494F-0158-E221-12823C92A888): 1
LogStreaming: Display: Took  0.000s to delete old logs.
LogInit: Presizing for max 8388607 objects, including 0 objects not considered by GC, pre-allocating 0 bytes for permanent pool.
LogInit: Object subsystem initialized
[2018.12.10-01.18.29:147][  0]LogInit: Selected Device Profile: [Windows]
[2018.12.10-01.18.29:147][  0]LogInit: Applying CVar settings loaded from the selected device profile: [Windows]
[2018.12.10-01.18.29:156][  0]LogHAL: Display: Platform has ~ 16 GB [17116667904 / 17179869184 / 16], which maps to Larger [LargestMinGB=32, LargerMinGB=12, DefaultMinGB=8, SmallerMinGB=6, SmallestMinGB=0)
[2018.12.10-01.18.29:156][  0]LogInit: Setting Device Profile CVar: [[r.Vulkan.UseRealUBs:1]]
[2018.12.10-01.18.29:156][  0]LogInit: Going up to parent DeviceProfile []
[2018.12.10-01.18.29:156][  0]LogInit: Computer: DESKTOP-C6U4EA4
[2018.12.10-01.18.29:156][  0]LogInit: User: ThomasSimon
[2018.12.10-01.18.29:156][  0]LogInit: CPU Page size=4096, Cores=4
[2018.12.10-01.18.29:156][  0]LogInit: High frequency timer resolution =3.234375 MHz
[2018.12.10-01.18.29:156][  0]LogMemory: Memory total: Physical=15.9GB (16GB approx)
[2018.12.10-01.18.29:156][  0]LogMemory: Platform Memory Stats for Windows
[2018.12.10-01.18.29:156][  0]LogMemory: Process Physical Memory: 100.86 MB used, 100.86 MB peak
[2018.12.10-01.18.29:156][  0]LogMemory: Process Virtual Memory: 84.27 MB used, 84.27 MB peak
[2018.12.10-01.18.29:156][  0]LogMemory: Physical Memory: 4831.16 MB used,  11492.57 MB free, 16323.73 MB total
[2018.12.10-01.18.29:156][  0]LogMemory: Virtual Memory: 4625.40 MB used,  11492.57 MB free, 134217728.00 MB total
[2018.12.10-01.18.29:173][  0]LogInit: Using OS detected language (en-GB).
[2018.12.10-01.18.29:173][  0]LogInit: Using OS detected locale (en-GB).
[2018.12.10-01.18.29:173][  0]LogTextLocalizationManager: No specific localization for 'en-GB' exists, so the 'en' localization will be used.
[2018.12.10-01.18.29:533][  0]LogStreaming: Display: Took  0.360s to InitEngineTextLocalization.
[2018.12.10-01.18.29:533][  0]LogInit: Setting process to per monitor DPI aware
[2018.12.10-01.18.29:572][  0]LogSlate: New Slate User Created.  User Index 0, Is Virtual User: 0
[2018.12.10-01.18.29:572][  0]LogSlate: Slate User Registered.  User Index 0, Is Virtual User: 0
[2018.12.10-01.18.29:734][  0]LogHMD: Failed to initialize OpenVR with code 110
[2018.12.10-01.18.29:734][  0]LogD3D11RHI: D3D11 adapters:
[2018.12.10-01.18.29:795][  0]LogD3D11RHI:    0. 'NVIDIA GeForce GTX 970' (Feature Level 11_0)
[2018.12.10-01.18.29:795][  0]LogD3D11RHI:       4043/0/8161 MB DedicatedVideo/DedicatedSystem/SharedSystem, Outputs:3, VendorId:0x10de
[2018.12.10-01.18.29:797][  0]LogD3D11RHI:    1. 'Microsoft Basic Render Driver' (Feature Level 11_0)
[2018.12.10-01.18.29:797][  0]LogD3D11RHI:       0/0/8161 MB DedicatedVideo/DedicatedSystem/SharedSystem, Outputs:0, VendorId:0x1414
[2018.12.10-01.18.29:797][  0]LogD3D11RHI: Chosen D3D11 Adapter: 0
[2018.12.10-01.18.29:804][  0]LogD3D11RHI: Creating new Direct3DDevice
[2018.12.10-01.18.29:804][  0]LogD3D11RHI:     GPU DeviceId: 0x13c2 (for the marketing name, search the web for "GPU Device Id")
[2018.12.10-01.18.29:804][  0]LogWindows: EnumDisplayDevices:
[2018.12.10-01.18.29:804][  0]LogWindows:    0. 'NVIDIA GeForce GTX 970' (P:0 D:1)
[2018.12.10-01.18.29:804][  0]LogWindows:    1. 'NVIDIA GeForce GTX 970' (P:0 D:1)
[2018.12.10-01.18.29:804][  0]LogWindows:    2. 'NVIDIA GeForce GTX 970' (P:1 D:1)
[2018.12.10-01.18.29:805][  0]LogWindows:    3. 'NVIDIA GeForce GTX 970' (P:0 D:0)
[2018.12.10-01.18.29:805][  0]LogWindows: DebugString: FoundDriverCount:4 
[2018.12.10-01.18.29:805][  0]LogD3D11RHI:     Adapter Name: NVIDIA GeForce GTX 970
[2018.12.10-01.18.29:805][  0]LogD3D11RHI:   Driver Version: 398.11 (internal:24.21.13.9811, unified:398.11)
[2018.12.10-01.18.29:805][  0]LogD3D11RHI:      Driver Date: 6-1-2018
[2018.12.10-01.18.29:805][  0]LogRHI: Texture pool is 2830 MB (70% of 4043 MB)
[2018.12.10-01.18.29:834][  0]LogD3D11RHI: Async texture creation enabled
[2018.12.10-01.18.29:851][  0]LogD3D11RHI: GPU Timing Frequency: 1000.000000 (Debug: 2 2)
[2018.12.10-01.18.29:902][  0]LogShaderCompilers: Guid format shader working directory is -2 characters bigger than the processId version (A:/Projects/Unreal Engine Projects/Christmas/ElfBowling/Intermediate/Shaders/WorkingDirectory/3116/).
[2018.12.10-01.18.29:903][  0]LogShaderCompilers: Cleaned the shader compiler working directory 'C:/Users/Thomas Simon/AppData/Local/Temp/UnrealShaderWorkingDir/8C8F3EC84BBC12DFA151378D98BABDE2/'.
[2018.12.10-01.18.30:145][  0]LogTemp: Display: Loaded TP AllDesktopTargetPlatform
[2018.12.10-01.18.30:158][  0]LogTemp: Display: Loaded TP MacClientTargetPlatform
[2018.12.10-01.18.30:171][  0]LogTemp: Display: Loaded TP MacNoEditorTargetPlatform
[2018.12.10-01.18.30:183][  0]LogTemp: Display: Loaded TP MacServerTargetPlatform
[2018.12.10-01.18.30:195][  0]LogTemp: Display: Loaded TP MacTargetPlatform
[2018.12.10-01.18.30:208][  0]LogTemp: Display: Loaded TP WindowsClientTargetPlatform
[2018.12.10-01.18.30:222][  0]LogTemp: Display: Loaded TP WindowsNoEditorTargetPlatform
[2018.12.10-01.18.30:235][  0]LogTemp: Display: Loaded TP WindowsServerTargetPlatform
[2018.12.10-01.18.30:241][  0]LogTemp: Display: Loaded TP WindowsTargetPlatform
[2018.12.10-01.18.30:311][  0]LogTemp: Display: Loaded TP AndroidTargetPlatform
[2018.12.10-01.18.30:311][  0]LogTemp: Display: Loaded TP AndroidTargetPlatform
[2018.12.10-01.18.30:311][  0]LogTemp: Display: Loaded TP AndroidTargetPlatform
[2018.12.10-01.18.30:311][  0]LogTemp: Display: Loaded TP AndroidTargetPlatform
[2018.12.10-01.18.30:311][  0]LogTemp: Display: Loaded TP AndroidTargetPlatform
[2018.12.10-01.18.30:311][  0]LogTemp: Display: Loaded TP AndroidTargetPlatform
[2018.12.10-01.18.30:311][  0]LogTemp: Display: Loaded TP AndroidTargetPlatform
[2018.12.10-01.18.30:311][  0]LogTemp: Display: Loaded TP AndroidTargetPlatform
[2018.12.10-01.18.30:311][  0]LogTemp: Display: Loaded TP AndroidTargetPlatform
[2018.12.10-01.18.30:311][  0]LogTemp: Display: Loaded TP AndroidTargetPlatform
[2018.12.10-01.18.30:311][  0]LogTemp: Display: Loaded TP AndroidTargetPlatform
[2018.12.10-01.18.30:311][  0]LogTemp: Display: Loaded TP AndroidTargetPlatform
[2018.12.10-01.18.30:311][  0]LogTemp: Display: Loaded TP AndroidTargetPlatform
[2018.12.10-01.18.30:311][  0]LogTemp: Display: Loaded TP AndroidTargetPlatform
[2018.12.10-01.18.30:311][  0]LogTemp: Display: Loaded TP AndroidTargetPlatform
[2018.12.10-01.18.30:311][  0]LogTemp: Display: Loaded TP AndroidTargetPlatform
[2018.12.10-01.18.30:311][  0]LogTemp: Display: Loaded TP AndroidTargetPlatform
[2018.12.10-01.18.30:311][  0]LogTemp: Display: Loaded TP AndroidTargetPlatform
[2018.12.10-01.18.30:312][  0]LogTemp: Display: Loaded TP HTML5TargetPlatform
[2018.12.10-01.18.30:371][  0]LogTemp: Display: Loaded TP IOSTargetPlatform
[2018.12.10-01.18.30:371][  0]LogTemp: Display: Loaded TP IOSTargetPlatform
[2018.12.10-01.18.30:393][  0]LogTemp: Display: Loaded TP TVOSTargetPlatform
[2018.12.10-01.18.30:393][  0]LogTemp: Display: Loaded TP TVOSTargetPlatform
[2018.12.10-01.18.30:404][  0]LogTemp: Display: Loaded TP LinuxClientTargetPlatform
[2018.12.10-01.18.30:416][  0]LogTemp: Display: Loaded TP LinuxNoEditorTargetPlatform
[2018.12.10-01.18.30:427][  0]LogTemp: Display: Loaded TP LinuxServerTargetPlatform
[2018.12.10-01.18.30:440][  0]LogTemp: Display: Loaded TP LinuxTargetPlatform
[2018.12.10-01.18.30:449][  0]LogTemp: Display: Loaded TP LuminTargetPlatform
[2018.12.10-01.18.30:449][  0]LogTargetPlatformManager: Display: Building Assets For Windows
[2018.12.10-01.18.30:503][  0]LogXGEController: Cannot use XGE Controller as Incredibuild is not installed on this machine.
[2018.12.10-01.18.30:503][  0]LogShaderCompilers: Cannot use XGE Shader Compiler as Incredibuild is not installed on this machine.
[2018.12.10-01.18.30:503][  0]LogShaderCompilers: Display: Using Local Shader Compiler.
[2018.12.10-01.18.31:175][  0]LogDerivedDataCache: Display: Max Cache Size: 512 MB
[2018.12.10-01.18.31:228][  0]LogDerivedDataCache: Loaded boot cache 0.05s 71MB C:/Users/Thomas Simon/AppData/Local/UnrealEngine/4.20/DerivedDataCache/Boot.ddc.
[2018.12.10-01.18.31:228][  0]LogDerivedDataCache: Display: Loaded Boot cache: C:/Users/Thomas Simon/AppData/Local/UnrealEngine/4.20/DerivedDataCache/Boot.ddc
[2018.12.10-01.18.31:228][  0]LogDerivedDataCache: FDerivedDataBackendGraph:  Pak pak cache file A:/Projects/Unreal Engine Projects/Christmas/ElfBowling/DerivedDataCache/DDC.ddp not found, will not use a pak cache.
[2018.12.10-01.18.31:228][  0]LogDerivedDataCache: Unable to find inner node Pak for hierarchical cache Hierarchy.
[2018.12.10-01.18.31:229][  0]LogDerivedDataCache: FDerivedDataBackendGraph:  CompressedPak pak cache file A:/Projects/Unreal Engine Projects/Christmas/ElfBowling/DerivedDataCache/Compressed.ddp not found, will not use a pak cache.
[2018.12.10-01.18.31:229][  0]LogDerivedDataCache: Unable to find inner node CompressedPak for hierarchical cache Hierarchy.
[2018.12.10-01.18.31:241][  0]LogDerivedDataCache: Display: Pak cache opened for reading ../../../Engine/DerivedDataCache/Compressed.ddp.
[2018.12.10-01.18.31:254][  0]LogDerivedDataCache: Using Local data cache path C:/Users/Thomas Simon/AppData/Local/UnrealEngine/Common/DerivedDataCache: Writable
[2018.12.10-01.18.31:254][  0]LogDerivedDataCache: Shared data cache path not found in *engine.ini, will not use an Shared cache.
[2018.12.10-01.18.31:254][  0]LogDerivedDataCache: Unable to find inner node Shared for hierarchical cache Hierarchy.
[2018.12.10-01.18.31:272][  0]LogMaterial: Verifying Global Shaders for PCD3D_SM5
[2018.12.10-01.18.31:273][  0]LogSlate: Using FreeType 2.6.0
[2018.12.10-01.18.31:274][  0]LogSlate: SlateFontServices - WITH_FREETYPE: 1, WITH_HARFBUZZ: 1
[2018.12.10-01.18.31:347][  0]LogAssetRegistry: FAssetRegistry took 0.0252 seconds to start up
[2018.12.10-01.18.31:629][  0]LogInit: Selected Device Profile: [Windows]
[2018.12.10-01.18.31:751][  0]LogSimplygon: Simplygon DLL not present - disabling.
[2018.12.10-01.18.31:754][  0]LogMeshReduction: Using SimplygonSwarm for distributed automatic mesh merging
[2018.12.10-01.18.31:754][  0]LogMeshReduction: Using ProxyLODMeshReduction for automatic mesh merging
[2018.12.10-01.18.31:754][  0]LogMeshReduction: Using QuadricMeshReduction for automatic static mesh reduction
[2018.12.10-01.18.31:754][  0]LogMeshReduction: No automatic skeletal mesh reduction module available
[2018.12.10-01.18.31:779][  0]LogNetVersion: ElfBowling 1.0.0, NetCL: 4212847, EngineNetVer: 5, GameNetVer: 0 (Checksum: 3167211267)
[2018.12.10-01.18.32:297][  0]LogPackageLocalizationCache: Processed 11 localized package path(s) for 2 prioritized culture(s) in 0.140614 seconds
[2018.12.10-01.18.32:303][  0]LogUObjectArray: 38425 objects as part of root set at end of initial load.
[2018.12.10-01.18.32:304][  0]LogUObjectAllocator: 6690872 out of 0 bytes used by permanent object pool.
[2018.12.10-01.18.32:304][  0]LogUObjectArray: CloseDisregardForGC: 0/0 objects in disregard for GC pool
[2018.12.10-01.18.33:085][  0]LogTcpMessaging: Initializing TcpMessaging bridge
[2018.12.10-01.18.33:097][  0]LogUdpMessaging: Initializing bridge on interface 0.0.0.0:0 to multicast group 230.0.0.1:6666.
[2018.12.10-01.18.33:283][  0]SourceControl: Source control is disabled
[2018.12.10-01.18.33:283][  0]SourceControl: Source control is disabled
[2018.12.10-01.18.33:284][  0]SourceControl: Source control is disabled
[2018.12.10-01.18.33:285][  0]SourceControl: Source control is disabled
[2018.12.10-01.18.33:465][  0]LogAndroidPermission: UAndroidPermissionCallbackProxy::GetInstance
[2018.12.10-01.18.33:516][  0]LogOcInput: OculusInput pre-init called
[2018.12.10-01.18.33:571][  0]LogEngine: Initializing Engine...
[2018.12.10-01.18.33:572][  0]LogHMD: Failed to initialize OpenVR with code 110
[2018.12.10-01.18.33:573][  0]LogStats: UGameplayTagsManager::ConstructGameplayTagTree: ImportINI prefixes -  0.000 s
[2018.12.10-01.18.33:573][  0]LogStats: UGameplayTagsManager::ConstructGameplayTagTree: Construct from data asset -  0.000 s
[2018.12.10-01.18.33:573][  0]LogStats: UGameplayTagsManager::ConstructGameplayTagTree: ImportINI -  0.000 s
[2018.12.10-01.18.33:573][  0]LogStats: UGameplayTagsManager::ConstructGameplayTagTree: GameplayTagTreeChangedEvent.Broadcast -  0.000 s
[2018.12.10-01.18.33:764][  0]LogInit: Initializing FReadOnlyCVARCache
[2018.12.10-01.18.33:775][  0]LogAIModule: Creating AISystem for world Untitled
[2018.12.10-01.18.33:791][  0]LogInit: XAudio2 using 'Headphones (High Definition Audio Device)' : 2 channels at 44.1 kHz using 16 bits per sample (channel mask 0x3)
[2018.12.10-01.18.33:816][  0]LogInit: FAudioDevice initialized.
[2018.12.10-01.18.33:816][  0]LogNetVersion: Set ProjectVersion to 1.0.0.0. Version Checksum will be recalculated on next use.
[2018.12.10-01.18.33:887][  0]LogDerivedDataCache: Saved boot cache 0.07s 71MB C:/Users/Thomas Simon/AppData/Local/UnrealEngine/4.20/DerivedDataCache/Boot.ddc.
[2018.12.10-01.18.33:896][  0]LogInit: Texture streaming: Enabled
[2018.12.10-01.18.33:912][  0]LogEngineSessionManager: EngineSessionManager initialized
[2018.12.10-01.18.33:924][  0]LogInit: Transaction tracking system initialized
[2018.12.10-01.18.33:946][  0]BlueprintLog: New page: Editor Load
[2018.12.10-01.18.34:017][  0]LocalizationService: Localization service is disabled
[2018.12.10-01.18.34:275][  0]LogCook: Display: Max memory allowance for cook 16384mb min free memory 0mb
[2018.12.10-01.18.34:275][  0]LogCook: Display: Mobile HDR setting 1
[2018.12.10-01.18.34:275][  0]LogGameplayTags: Display: UGameplayTagsManager::DoneAddingNativeTags. DelegateIsBound: 0
[2018.12.10-01.18.34:275][  0]LogStats: UGameplayTagsManager::ConstructGameplayTagTree: ImportINI prefixes -  0.000 s
[2018.12.10-01.18.34:275][  0]LogStats: UGameplayTagsManager::ConstructGameplayTagTree: Construct from data asset -  0.000 s
[2018.12.10-01.18.34:275][  0]LogStats: UGameplayTagsManager::ConstructGameplayTagTree: ImportINI -  0.000 s
[2018.12.10-01.18.34:275][  0]LogStats: UGameplayTagsManager::ConstructGameplayTagTree: GameplayTagTreeChangedEvent.Broadcast -  0.000 s
[2018.12.10-01.18.34:372][  0]LogFileCache: Scanning file cache for directory 'A:/Projects/Unreal Engine Projects/Christmas/ElfBowling/Content/' took 0.01s
[2018.12.10-01.18.34:372][  0]SourceControl: Source control is disabled
[2018.12.10-01.18.34:373][  0]Cmd: MAP LOAD FILE="A:/Projects/Unreal Engine Projects/Christmas/ElfBowling/Content/MyContent/Maps/Main.umap" TEMPLATE=0 SHOWPROGRESS=1 FEATURELEVEL=3
[2018.12.10-01.18.34:373][  0]LightingResults: New page: Lighting Build
[2018.12.10-01.18.34:375][  0]MapCheck: New page: Map Check
[2018.12.10-01.18.34:375][  0]LightingResults: New page: Lighting Build
[2018.12.10-01.18.34:819][  0]LogAIModule: Creating AISystem for world Main
[2018.12.10-01.18.34:826][  0]LogEditorServer: Finished looking for orphan Actors (0.000 secs)
[2018.12.10-01.18.34:847][  0]Cmd: MAP CHECKDEP NOCLEARLOG
[2018.12.10-01.18.34:905][  0]MapCheck: Map check complete: 0 Error(s), 0 Warning(s), took 57.902ms to complete.
[2018.12.10-01.18.34:905][  0]LogFileHelpers: Loading map 'Main' took 0.532
[2018.12.10-01.18.35:087][  0]LogSlate: Updating window title bar state: overlay mode, drag disabled, window buttons hidden, title bar hidden
[2018.12.10-01.18.35:095][  0]LogSlate: Updating window title bar state: overlay mode, drag disabled, window buttons hidden, title bar hidden
[2018.12.10-01.18.35:103][  0]LogSlate: Updating window title bar state: overlay mode, drag disabled, window buttons hidden, title bar hidden
[2018.12.10-01.18.35:109][  0]LogSlate: Updating window title bar state: overlay mode, drag disabled, window buttons hidden, title bar hidden
[2018.12.10-01.18.35:119][  0]LogCollectionManager: Loaded 0 collections in 0.001310 seconds
[2018.12.10-01.18.35:186][  0]LogFileCache: Scanning file cache for directory 'A:/Projects/Unreal Engine Projects/Christmas/ElfBowling/Saved/Collections/' took 0.01s
[2018.12.10-01.18.35:186][  0]LogFileCache: Scanning file cache for directory 'A:/Projects/Unreal Engine Projects/Christmas/ElfBowling/Content/Developers/ThomasSimon/Collections/' took 0.01s
[2018.12.10-01.18.35:186][  0]LogFileCache: Scanning file cache for directory 'A:/Projects/Unreal Engine Projects/Christmas/ElfBowling/Content/Collections/' took 0.01s
[2018.12.10-01.18.35:186][  0]LogCollectionManager: Rebuilt the GUID cache for 0 collections in 0.000000 seconds
[2018.12.10-01.18.35:197][  0]LogContentBrowser: Native class hierarchy populated in 0.0099 seconds. Added 2579 classes and 607 folders.
[2018.12.10-01.18.35:220][  0]LogContentBrowser: Native class hierarchy updated for 'WidgetCarousel' in 0.0003 seconds. Added 0 classes and 0 folders.
[2018.12.10-01.18.35:443][  0]LogContentBrowser: Native class hierarchy updated for 'AddContentDialog' in 0.0003 seconds. Added 0 classes and 0 folders.
[2018.12.10-01.18.36:705][  0]LogSlate: Only BGRA pngs, bmps or icos are supported in by External Image Picker
[2018.12.10-01.18.36:743][  0]LogSlate: Took 0.000269 seconds to synchronously load lazily loaded font '../../../Engine/Content/Slate/Fonts/Roboto-Regular.ttf' (155K)
[2018.12.10-01.18.36:748][  0]LogSlate: Took 0.000174 seconds to synchronously load lazily loaded font '../../../Engine/Content/Slate/Fonts/Roboto-Bold.ttf' (160K)
[2018.12.10-01.18.36:759][  0]LogSlate: Took 0.008390 seconds to synchronously load lazily loaded font '../../../Engine/Content/Editor/Slate/Fonts/FontAwesome.ttf' (139K)
[2018.12.10-01.18.36:829][  0]LogTemp: Executing iPhonePackager certificates Engine -bundlename com.YourCompany.ElfBowling
[2018.12.10-01.18.36:830][  0]LogTemp: CWD: C:\Program Files\Epic Games\UE_4.20\Engine\Binaries\DotNET\IOS
[2018.12.10-01.18.36:830][  0]LogTemp: Initial Dir: C:\Program Files\Epic Games\UE_4.20
[2018.12.10-01.18.36:830][  0]LogTemp: Env CWD: C:\Program Files\Epic Games\UE_4.20\Engine\Binaries\DotNET\IOS
[2018.12.10-01.18.36:830][  0]LogTemp: BranchPath = DESKTOP-C6U4EA4/C/Program Files/Epic Games/UE_4.20/Engine/Binaries --- GameBranchPath = DESKTOP-C6U4EA4/C/Program Files/Epic Games/UE_4.20/Engine/Binaries
[2018.12.10-01.18.36:830][  0]LogTemp: IPP ERROR: Could not find provision directory 'C:\Users\Thomas Simon\AppData\Local/Apple Computer/MobileDevice/Provisioning Profiles/'.
[2018.12.10-01.18.36:830][  0]LogRenderer: Reallocating scene render targets to support 256x256 Format 10 NumSamples 1 (Frame:1).
[2018.12.10-01.18.36:850][  0]LogRenderer: Reallocating scene render targets to support 1152x600 Format 10 NumSamples 1 (Frame:1).
[2018.12.10-01.18.36:897][  0]LogSlate: Took 0.002865 seconds to synchronously load lazily loaded font '../../../Engine/Content/Slate/Fonts/Roboto-Light.ttf' (167K)
[2018.12.10-01.18.36:970][  0]LogContentBrowser: Native class hierarchy updated for 'HierarchicalLODOutliner' in 0.0003 seconds. Added 0 classes and 0 folders.
[2018.12.10-01.18.36:970][  0]LogLoad: (Engine Initialization) Total time: 9.26 seconds
[2018.12.10-01.18.36:970][  0]LogLoad: (Engine Initialization) Total Blueprint compile time: 0.00 seconds
[2018.12.10-01.18.36:980][  0]LogWindowsTextInputMethodSystem: Display: IME system now deactivated.
[2018.12.10-01.18.37:007][  0]LogContentStreaming: Texture pool size now 1000 MB
[2018.12.10-01.18.37:036][  1]LogAssetRegistry: Asset discovery search completed in 5.7113 seconds
[2018.12.10-01.18.37:038][  1]LogCollectionManager: Rebuilt the object cache for 0 collections in 0.000000 seconds (found 0 objects)
[2018.12.10-01.18.37:038][  1]LogCollectionManager: Fixed up redirectors for 0 collections in 0.000054 seconds (updated 0 objects)
[2018.12.10-01.19.07:565][ 30]LogSlate: FSceneViewport::OnFocusLost() reason 0
[2018.12.10-01.19.07:682][ 44]LogTemp: Repeating last play command: Selected Viewport
[2018.12.10-01.19.07:695][ 44]LogBlueprintUserMessages: Early PlayInEditor Detection: Level '/Game/MyContent/Maps/Main.Main:PersistentLevel' has LevelScriptBlueprint '/Game/MyContent/Maps/Main.Main:PersistentLevel.Main' with GeneratedClass '/Game/MyContent/Maps/Main.Main_C' with ClassGeneratedBy '/Game/MyContent/Maps/Main.Main:PersistentLevel.Main'
[2018.12.10-01.19.07:695][ 44]LogPlayLevel: PlayLevel: No blueprints needed recompiling
[2018.12.10-01.19.07:710][ 44]PIE: New page: PIE session: Main (10 Dec 2018 01:19:07)
[2018.12.10-01.19.07:710][ 44]LogPlayLevel: Creating play world package: /Game/MyContent/Maps/UEDPIE_0_Main
[2018.12.10-01.19.07:717][ 44]LogPlayLevel: PIE: StaticDuplicateObject took: (0.007271s)
[2018.12.10-01.19.07:717][ 44]LogAIModule: Creating AISystem for world Main
[2018.12.10-01.19.07:718][ 44]LogPlayLevel: PIE: World Init took: (0.000632s)
[2018.12.10-01.19.07:718][ 44]LogPlayLevel: PIE: Created PIE world by copying editor world from /Game/MyContent/Maps/Main.Main to /Game/MyContent/Maps/UEDPIE_0_Main.Main (0.008041s)
[2018.12.10-01.19.07:744][ 44]LogInit: XAudio2 using 'Headphones (High Definition Audio Device)' : 2 channels at 44.1 kHz using 16 bits per sample (channel mask 0x3)
[2018.12.10-01.19.07:755][ 44]LogInit: FAudioDevice initialized.
[2018.12.10-01.19.07:866][ 44]LogLoad: Game class is 'Bp_ElfBowlingGameModeBase_C'
[2018.12.10-01.19.07:869][ 44]LogWorld: Bringing World /Game/MyContent/Maps/UEDPIE_0_Main.Main up for play (max tick rate 0) at 2018.12.10-01.19.07
[2018.12.10-01.19.07:870][ 44]LogWorld: Bringing up level for play took: 0.002380
[2018.12.10-01.19.07:894][ 44]LogContentBrowser: Native class hierarchy updated for 'MovieSceneCapture' in 0.0003 seconds. Added 10 classes and 0 folders.
[2018.12.10-01.19.07:899][ 44]PIE: Play in editor start time for /Game/MyContent/Maps/UEDPIE_0_Main -0.12
[2018.12.10-01.19.07:899][ 44]LogBlueprintUserMessages: Late PlayInEditor Detection: Level '/Game/MyContent/Maps/Main.Main:PersistentLevel' has LevelScriptBlueprint '/Game/MyContent/Maps/Main.Main:PersistentLevel.Main' with GeneratedClass '/Game/MyContent/Maps/Main.Main_C' with ClassGeneratedBy '/Game/MyContent/Maps/Main.Main:PersistentLevel.Main'
[2018.12.10-01.19.14:778][863]LogActor: Warning: Bp_BowlingBall_C /Game/MyContent/Maps/UEDPIE_0_Main.Main:PersistentLevel.Bp_BowlingBall_C_0 has natively added scene component(s), but none of them were set as the actor's RootComponent - picking one arbitrarily
[2018.12.10-01.19.17:287][164]LogBlueprintUserMessages: Early EndPlayMap Detection: Level '/Game/MyContent/Maps/Main.Main:PersistentLevel' has LevelScriptBlueprint '/Game/MyContent/Maps/Main.Main:PersistentLevel.Main' with GeneratedClass '/Game/MyContent/Maps/Main.Main_C' with ClassGeneratedBy '/Game/MyContent/Maps/Main.Main:PersistentLevel.Main'
[2018.12.10-01.19.17:289][164]LogSlate: Updating window title bar state: overlay mode, drag disabled, window buttons hidden, title bar hidden
[2018.12.10-01.19.17:319][164]LogPlayLevel: Display: Shutting down PIE online subsystems
[2018.12.10-01.19.17:320][164]LogBlueprintUserMessages: Late EndPlayMap Detection: Level '/Game/MyContent/Maps/Main.Main:PersistentLevel' has LevelScriptBlueprint '/Game/MyContent/Maps/Main.Main:PersistentLevel.Main' with GeneratedClass '/Game/MyContent/Maps/Main.Main_C' with ClassGeneratedBy '/Game/MyContent/Maps/Main.Main:PersistentLevel.Main'
[2018.12.10-01.19.17:341][164]LogSlate: Updating window title bar state: overlay mode, drag disabled, window buttons hidden, title bar hidden
[2018.12.10-01.19.17:394][169]LogPlayLevel: Display: Destroying online subsystem :Context_2
[2018.12.10-01.53.45:379][720]LogSlate: FSceneViewport::OnFocusLost() reason 0
[2018.12.10-01.53.45:623][727]LogSlate: Took 0.000239 seconds to synchronously load lazily loaded font '../../../Engine/Content/Slate/Fonts/Roboto-Light.ttf' (167K)
[2018.12.10-01.53.45:633][727]LogAssetEditorManager: Opening Asset editor for Class /Script/ElfBowling.Elf
[2018.12.10-01.56.13:954][534]Candidate modules for hot reload:
[2018.12.10-01.56.13:954][534]  ElfBowling
[2018.12.10-01.56.13:954][534]Launching UnrealBuildTool... [C:/Program Files/Epic Games/UE_4.20/Engine/Binaries/DotNET/UnrealBuildTool.exe  -ModuleWithSuffix=ElfBowling,4975 Win64 Development -TargetType=Editor -Project="A:/Projects/Unreal Engine Projects/Christmas/ElfBowling/ElfBowling.uproject" -canskiplink "A:/Projects/Unreal Engine Projects/Christmas/ElfBowling/ElfBowling.uproject" ]
[2018.12.10-01.56.13:962][534]Warning: Starting HotReload took  0.1s.
[2018.12.10-01.57.33:146][  9]CompilerResultsLog: New page: Compilation - 10 Dec 2018 01:57:33
[2018.12.10-01.57.33:146][  9]CompilerResultsLog: Using 'git status' to determine working set for adaptive non-unity build.
[2018.12.10-01.57.33:146][  9]CompilerResultsLog: Creating makefile for hot reloading ElfBowlingEditor (ini files are newer than UBTMakefile)
[2018.12.10-01.57.33:147][  9]CompilerResultsLog: Compiling game modules for hot reload
[2018.12.10-01.57.33:147][  9]CompilerResultsLog: Using Visual Studio 2017 14.15.26726 toolchain (C:\Program Files (x86)\Microsoft Visual Studio\2017\Community\VC\Tools\MSVC\14.15.26726) and Windows 10.0.17134.0 SDK (C:\Program Files (x86)\Windows Kits\10).
[2018.12.10-01.57.33:147][  9]CompilerResultsLog: Parsing headers for ElfBowlingEditor
[2018.12.10-01.57.33:147][  9]CompilerResultsLog:   Running UnrealHeaderTool "A:\Projects\Unreal Engine Projects\Christmas\ElfBowling\ElfBowling.uproject" "A:\Projects\Unreal Engine Projects\Christmas\ElfBowling\Intermediate\Build\Win64\ElfBowlingEditor\Development\ElfBowlingEditor.uhtmanifest" -LogCmds="loginit warning, logexit warning, logdatabase error" -Unattended -WarningsAsErrors -installed
[2018.12.10-01.57.33:147][  9]CompilerResultsLog: Reflection code generated for ElfBowlingEditor in 11.0230839 seconds
[2018.12.10-01.57.33:147][  9]CompilerResultsLog: Building 5 actions with 4 processes...
[2018.12.10-01.57.33:147][  9]CompilerResultsLog:   [1/5] ElfBowling.init.gen.cpp
[2018.12.10-01.57.33:147][  9]CompilerResultsLog:   [2/5] Elf.cpp
[2018.12.10-01.57.33:147][  9]CompilerResultsLog:   [3/5] Elf.gen.cpp
[2018.12.10-01.57.33:147][  9]CompilerResultsLog:   [4/5] UE4Editor-ElfBowling-4975.lib
[2018.12.10-01.57.33:147][  9]CompilerResultsLog:      Creating library A:\Projects\Unreal Engine Projects\Christmas\ElfBowling\Intermediate\Build\Win64\UE4Editor\Development\ElfBowling\UE4Editor-ElfBowling-4975.lib and object A:\Projects\Unreal Engine Projects\Christmas\ElfBowling\Intermediate\Build\Win64\UE4Editor\Development\ElfBowling\UE4Editor-ElfBowling-4975.exp
[2018.12.10-01.57.33:147][  9]CompilerResultsLog:   [5/5] UE4Editor-ElfBowling-4975.dll
[2018.12.10-01.57.33:147][  9]CompilerResultsLog:      Creating library A:\Projects\Unreal Engine Projects\Christmas\ElfBowling\Intermediate\Build\Win64\UE4Editor\Development\ElfBowling\UE4Editor-ElfBowling-4975.suppressed.lib and object A:\Projects\Unreal Engine Projects\Christmas\ElfBowling\Intermediate\Build\Win64\UE4Editor\Development\ElfBowling\UE4Editor-ElfBowling-4975.suppressed.exp
[2018.12.10-01.57.33:147][  9]CompilerResultsLog: Total build time: 78.80 seconds (Parallel executor: 58.92 seconds)
[2018.12.10-01.57.33:147][  9]LogMainFrame: MainFrame: Module compiling took 79.214 seconds
[2018.12.10-01.57.33:183][  9]LogClass: Could not find existing class Elf in package /Script/ElfBowling for HotReload, assuming new class
[2018.12.10-01.57.33:189][  9]LogHotReload: Re-instancing DestroyBall after hot-reload.
[2018.12.10-01.57.33:189][  9]LogActor: Warning: DestroyBall /Game/MyContent/Maps/Main.Main:PersistentLevel.DestroyBall_1 has natively added scene component(s), but none of them were set as the actor's RootComponent - picking one arbitrarily
[2018.12.10-01.57.33:238][  9]LogHotReload: Re-instancing Elf after hot-reload.
[2018.12.10-01.57.33:279][  9]LogContentBrowser: Native class hierarchy updated for 'ElfBowling' in 0.0003 seconds. Added 6 classes and 2 folders.
[2018.12.10-01.57.33:281][  9]Display: HotReload successful (1 functions remapped  0 scriptstructs remapped)
[2018.12.10-01.57.33:387][  9]LogContentBrowser: Native class hierarchy populated in 0.0119 seconds. Added 2579 classes and 607 folders.
[2018.12.10-01.57.33:387][  9]Display: HotReload took 79.5s.
[2018.12.10-01.57.43:927][269]LogActor: Warning: Bp_BowlingBall_C /Engine/Transient.World_2:PersistentLevel.Bp_BowlingBall_C_0 has natively added scene component(s), but none of them were set as the actor's RootComponent - picking one arbitrarily
[2018.12.10-01.57.52:397][518]LogSlate: Window 'Pick Parent Class' being destroyed
[2018.12.10-01.57.58:845][261]LogAssetEditorManager: Opening Asset editor for Blueprint /Game/MyContent/Blueprints/Bp_Elf.Bp_Elf
[2018.12.10-01.57.59:333][261]LogContentBrowser: Native class hierarchy updated for 'BlueprintGraph' in 0.0006 seconds. Added 116 classes and 0 folders.
[2018.12.10-01.58.00:078][261]LogActor: Warning: Bp_Elf_C /Engine/Transient.World_3:PersistentLevel.Bp_Elf_C_0 has natively added scene component(s), but none of them were set as the actor's RootComponent - picking one arbitrarily
[2018.12.10-01.58.00:144][261]LogRenderer: Reallocating scene render targets to support 1152x900 Format 10 NumSamples 1 (Frame:1).
[2018.12.10-01.58.01:701][427]LogSlate: Took 0.000971 seconds to synchronously load lazily loaded font '../../../Engine/Content/Slate/Fonts/Roboto-Italic.ttf' (157K)
[2018.12.10-01.58.13:133][648]LogActor: Warning: Bp_Elf_C /Engine/Transient.World_5:PersistentLevel.Bp_Elf_C_0 has natively added scene component(s), but none of them were set as the actor's RootComponent - picking one arbitrarily
[2018.12.10-01.58.43:729][523]LogFileHelpers: Editor autosave (incl. sublevels) for '/Game/MyContent/Maps/Main' took 0.065
[2018.12.10-01.58.43:738][523]OBJ SavePackage: Generating thumbnails for [1] asset(s) in package [/Game/MyContent/Blueprints/Bp_Elf] ([1] browsable assets)...
[2018.12.10-01.58.43:771][523]OBJ SavePackage:     Rendered thumbnail for [Blueprint /Game/MyContent/Blueprints/Bp_Elf.Bp_Elf]
[2018.12.10-01.58.43:771][523]OBJ SavePackage: Finished generating thumbnails for package [/Game/MyContent/Blueprints/Bp_Elf]
[2018.12.10-01.58.43:815][523]LogSavePackage: Moving 'A:/Projects/Unreal Engine Projects/Christmas/ElfBowling/Saved/Bp_Elf_Auto1EF2E5396434E4777CCF40B872382D74F.tmp' to 'A:/Projects/Unreal Engine Projects/Christmas/ElfBowling/Saved/Autosaves/Game/MyContent/Blueprints/Bp_Elf_Auto1.uasset'
[2018.12.10-01.58.43:821][523]LogFileHelpers: Auto-saving content packages took 0.090
[2018.12.10-01.59.01:524][577]LogSlate: FSceneViewport::OnFocusLost() reason 0
[2018.12.10-01.59.01:712][577]BlueprintLog: New page: Compile Bp_Elf
[2018.12.10-01.59.01:732][577]LogActor: Warning: Bp_Elf_C /Engine/Transient.World_3:PersistentLevel.Bp_Elf_C_0 has natively added scene component(s), but none of them were set as the actor's RootComponent - picking one arbitrarily
[2018.12.10-01.59.01:732][577]LogActor: Warning: Bp_Elf_C /Engine/Transient.World_5:PersistentLevel.Bp_Elf_C_0 has natively added scene component(s), but none of them were set as the actor's RootComponent - picking one arbitrarily
[2018.12.10-01.59.01:847][577]LogActor: Warning: Bp_Elf_C /Engine/Transient.World_5:PersistentLevel.Bp_Elf_C_1 has natively added scene component(s), but none of them were set as the actor's RootComponent - picking one arbitrarily
[2018.12.10-01.59.02:533][620]Cmd: OBJ SAVEPACKAGE PACKAGE="/Game/MyContent/Blueprints/Bp_Elf" FILE="A:/Projects/Unreal Engine Projects/Christmas/ElfBowling/Content/MyContent/Blueprints/Bp_Elf.uasset" SILENT=true
[2018.12.10-01.59.02:549][620]LogSavePackage: Moving 'A:/Projects/Unreal Engine Projects/Christmas/ElfBowling/Saved/Bp_Elf4A6A61894E3F761A07E35EB3B2F266A3.tmp' to 'A:/Projects/Unreal Engine Projects/Christmas/ElfBowling/Content/MyContent/Blueprints/Bp_Elf.uasset'
[2018.12.10-01.59.07:840][222]LogSlate: FSceneViewport::OnFocusLost() reason 0
[2018.12.10-01.59.19:533][392]BlueprintLog: New page: Compile Bp_Elf
[2018.12.10-01.59.19:550][392]LogActor: Warning: Bp_Elf_C /Engine/Transient.World_3:PersistentLevel.Bp_Elf_C_0 has natively added scene component(s), but none of them were set as the actor's RootComponent - picking one arbitrarily
[2018.12.10-01.59.19:550][392]LogActor: Warning: Bp_Elf_C /Engine/Transient.World_5:PersistentLevel.Bp_Elf_C_1 has natively added scene component(s), but none of them were set as the actor's RootComponent - picking one arbitrarily
[2018.12.10-01.59.19:665][392]LogActor: Warning: Bp_Elf_C /Engine/Transient.World_5:PersistentLevel.Bp_Elf_C_2 has natively added scene component(s), but none of them were set as the actor's RootComponent - picking one arbitrarily
[2018.12.10-01.59.20:583][494]Cmd: OBJ SAVEPACKAGE PACKAGE="/Game/MyContent/Blueprints/Bp_Elf" FILE="A:/Projects/Unreal Engine Projects/Christmas/ElfBowling/Content/MyContent/Blueprints/Bp_Elf.uasset" SILENT=true
[2018.12.10-01.59.20:602][494]LogSavePackage: Moving 'A:/Projects/Unreal Engine Projects/Christmas/ElfBowling/Saved/Bp_Elf9A316226412518AC511E60B1EADA6E74.tmp' to 'A:/Projects/Unreal Engine Projects/Christmas/ElfBowling/Content/MyContent/Blueprints/Bp_Elf.uasset'
[2018.12.10-01.59.31:931][665]LogEditorViewport: Clicking on Actor (LMB): StaticMeshActor (Wally4)
[2018.12.10-01.59.38:039][312]LogEditorViewport: Clicking on Actor (LMB): StaticMeshActor (Wally11)
[2018.12.10-01.59.42:915][805]LogSlate: FSceneViewport::OnFocusLost() reason 0
[2018.12.10-01.59.43:132][823]LogActor: Warning: Bp_Elf_C /Game/MyContent/Maps/Main.Main:PersistentLevel.Bp_Elf_C_0 has natively added scene component(s), but none of them were set as the actor's RootComponent - picking one arbitrarily
[2018.12.10-01.59.44:500][947]LogActor: Warning: Bp_Elf_C /Game/MyContent/Maps/Main.Main:PersistentLevel.Bp_Elf_C_1 has natively added scene component(s), but none of them were set as the actor's RootComponent - picking one arbitrarily
[2018.12.10-01.59.53:975][975]LogEditorViewport: Clicking on Actor (LMB): StaticMeshActor (Wally11)
[2018.12.10-02.00.00:686][676]LogEditorViewport: Clicking on Actor (LMB): Bp_Elf_C (Bp_Elf)
[2018.12.10-02.00.06:565][304]LogEditorViewport: Clicking on Actor (LMB): Bp_Elf_C (Bp_Elf)
[2018.12.10-02.00.09:575][620]LogSlate: FSceneViewport::OnFocusLost() reason 0
[2018.12.10-02.00.17:061][424]LogEditorViewport: Clicking on Actor (LMB): StaticMeshActor (Wally11)
[2018.12.10-02.00.20:071][727]LogEditorViewport: Clicking on Actor (LMB): Bp_Elf_C (Bp_Elf)
[2018.12.10-02.00.28:212][664]LogEditorViewport: Clicking on Actor (LMB): StaticMeshActor (Wally11)
[2018.12.10-02.00.32:076][ 83]LogEditorViewport: Clicking on Actor (LMB): Bp_Elf_C (Bp_Elf)
[2018.12.10-02.00.38:404][793]LogSlate: FSceneViewport::OnFocusLost() reason 0
[2018.12.10-02.00.41:669][143]LogSlate: FSceneViewport::OnFocusLost() reason 0
[2018.12.10-02.00.42:845][271]LogEditorActor: Deleted Actor: StaticMeshActor
[2018.12.10-02.00.42:872][271]LogEditorActor: Deleted 1 Actors (0.032 secs)
[2018.12.10-02.00.43:939][397]LogTemp: Repeating last play command: Selected Viewport
[2018.12.10-02.00.43:953][397]LogBlueprintUserMessages: Early PlayInEditor Detection: Level '/Game/MyContent/Maps/Main.Main:PersistentLevel' has LevelScriptBlueprint '/Game/MyContent/Maps/Main.Main:PersistentLevel.Main' with GeneratedClass '/Game/MyContent/Maps/Main.Main_C' with ClassGeneratedBy '/Game/MyContent/Maps/Main.Main:PersistentLevel.Main'
[2018.12.10-02.00.43:953][397]LogPlayLevel: PlayLevel: No blueprints needed recompiling
[2018.12.10-02.00.43:953][397]PIE: New page: PIE session: Main (10 Dec 2018 02:00:43)
[2018.12.10-02.00.43:953][397]LogPlayLevel: Creating play world package: /Game/MyContent/Maps/UEDPIE_0_Main
[2018.12.10-02.00.43:959][397]LogPlayLevel: PIE: StaticDuplicateObject took: (0.006255s)
[2018.12.10-02.00.43:960][397]LogAIModule: Creating AISystem for world Main
[2018.12.10-02.00.43:960][397]LogPlayLevel: PIE: World Init took: (0.000731s)
[2018.12.10-02.00.43:960][397]LogPlayLevel: PIE: Created PIE world by copying editor world from /Game/MyContent/Maps/Main.Main to /Game/MyContent/Maps/UEDPIE_0_Main.Main (0.007115s)
[2018.12.10-02.00.43:994][397]LogInit: XAudio2 using 'Headphones (High Definition Audio Device)' : 2 channels at 44.1 kHz using 16 bits per sample (channel mask 0x3)
[2018.12.10-02.00.44:004][397]LogInit: FAudioDevice initialized.
[2018.12.10-02.00.44:038][397]LogLoad: Game class is 'Bp_ElfBowlingGameModeBase_C'
[2018.12.10-02.00.44:040][397]LogWorld: Bringing World /Game/MyContent/Maps/UEDPIE_0_Main.Main up for play (max tick rate 0) at 2018.12.10-02.00.44
[2018.12.10-02.00.44:040][397]LogWorld: Bringing up level for play took: 0.001263
[2018.12.10-02.00.44:053][397]PIE: Play in editor start time for /Game/MyContent/Maps/UEDPIE_0_Main 0.035
[2018.12.10-02.00.44:053][397]LogBlueprintUserMessages: Late PlayInEditor Detection: Level '/Game/MyContent/Maps/Main.Main:PersistentLevel' has LevelScriptBlueprint '/Game/MyContent/Maps/Main.Main:PersistentLevel.Main' with GeneratedClass '/Game/MyContent/Maps/Main.Main_C' with ClassGeneratedBy '/Game/MyContent/Maps/Main.Main:PersistentLevel.Main'
[2018.12.10-02.00.45:256][532]LogActor: Warning: Bp_BowlingBall_C /Game/MyContent/Maps/UEDPIE_0_Main.Main:PersistentLevel.Bp_BowlingBall_C_0 has natively added scene component(s), but none of them were set as the actor's RootComponent - picking one arbitrarily
[2018.12.10-02.00.47:567][809]LogBlueprintUserMessages: Early EndPlayMap Detection: Level '/Game/MyContent/Maps/Main.Main:PersistentLevel' has LevelScriptBlueprint '/Game/MyContent/Maps/Main.Main:PersistentLevel.Main' with GeneratedClass '/Game/MyContent/Maps/Main.Main_C' with ClassGeneratedBy '/Game/MyContent/Maps/Main.Main:PersistentLevel.Main'
[2018.12.10-02.00.47:567][809]LogSlate: Updating window title bar state: overlay mode, drag disabled, window buttons hidden, title bar hidden
[2018.12.10-02.00.47:600][809]LogPlayLevel: Display: Shutting down PIE online subsystems
[2018.12.10-02.00.47:600][809]LogBlueprintUserMessages: Late EndPlayMap Detection: Level '/Game/MyContent/Maps/Main.Main:PersistentLevel' has LevelScriptBlueprint '/Game/MyContent/Maps/Main.Main:PersistentLevel.Main' with GeneratedClass '/Game/MyContent/Maps/Main.Main_C' with ClassGeneratedBy '/Game/MyContent/Maps/Main.Main:PersistentLevel.Main'
[2018.12.10-02.00.47:628][809]LogSlate: Updating window title bar state: overlay mode, drag disabled, window buttons hidden, title bar hidden
[2018.12.10-02.00.47:675][810]LogPlayLevel: Display: Destroying online subsystem :Context_8
[2018.12.10-02.00.49:145][982]LogSlate: FSceneViewport::OnFocusLost() reason 0
[2018.12.10-02.00.49:262][996]LogTemp: Repeating last play command: Selected Viewport
[2018.12.10-02.00.49:273][996]LogBlueprintUserMessages: Early PlayInEditor Detection: Level '/Game/MyContent/Maps/Main.Main:PersistentLevel' has LevelScriptBlueprint '/Game/MyContent/Maps/Main.Main:PersistentLevel.Main' with GeneratedClass '/Game/MyContent/Maps/Main.Main_C' with ClassGeneratedBy '/Game/MyContent/Maps/Main.Main:PersistentLevel.Main'
[2018.12.10-02.00.49:273][996]LogPlayLevel: PlayLevel: No blueprints needed recompiling
[2018.12.10-02.00.49:273][996]PIE: New page: PIE session: Main (10 Dec 2018 02:00:49)
[2018.12.10-02.00.49:273][996]LogPlayLevel: Creating play world package: /Game/MyContent/Maps/UEDPIE_0_Main
[2018.12.10-02.00.49:278][996]LogPlayLevel: PIE: StaticDuplicateObject took: (0.005426s)
[2018.12.10-02.00.49:279][996]LogAIModule: Creating AISystem for world Main
[2018.12.10-02.00.49:279][996]LogPlayLevel: PIE: World Init took: (0.000715s)
[2018.12.10-02.00.49:279][996]LogPlayLevel: PIE: Created PIE world by copying editor world from /Game/MyContent/Maps/Main.Main to /Game/MyContent/Maps/UEDPIE_0_Main.Main (0.006266s)
[2018.12.10-02.00.49:313][996]LogInit: XAudio2 using 'Headphones (High Definition Audio Device)' : 2 channels at 44.1 kHz using 16 bits per sample (channel mask 0x3)
[2018.12.10-02.00.49:323][996]LogInit: FAudioDevice initialized.
[2018.12.10-02.00.49:352][996]LogLoad: Game class is 'Bp_ElfBowlingGameModeBase_C'
[2018.12.10-02.00.49:353][996]LogWorld: Bringing World /Game/MyContent/Maps/UEDPIE_0_Main.Main up for play (max tick rate 0) at 2018.12.10-02.00.49
[2018.12.10-02.00.49:354][996]LogWorld: Bringing up level for play took: 0.001172
[2018.12.10-02.00.49:367][996]PIE: Play in editor start time for /Game/MyContent/Maps/UEDPIE_0_Main -0.651
[2018.12.10-02.00.49:367][996]LogBlueprintUserMessages: Late PlayInEditor Detection: Level '/Game/MyContent/Maps/Main.Main:PersistentLevel' has LevelScriptBlueprint '/Game/MyContent/Maps/Main.Main:PersistentLevel.Main' with GeneratedClass '/Game/MyContent/Maps/Main.Main_C' with ClassGeneratedBy '/Game/MyContent/Maps/Main.Main:PersistentLevel.Main'
[2018.12.10-02.00.51:266][217]LogActor: Warning: Bp_BowlingBall_C /Game/MyContent/Maps/UEDPIE_0_Main.Main:PersistentLevel.Bp_BowlingBall_C_0 has natively added scene component(s), but none of them were set as the actor's RootComponent - picking one arbitrarily
[2018.12.10-02.00.53:297][460]LogBlueprintUserMessages: Early EndPlayMap Detection: Level '/Game/MyContent/Maps/Main.Main:PersistentLevel' has LevelScriptBlueprint '/Game/MyContent/Maps/Main.Main:PersistentLevel.Main' with GeneratedClass '/Game/MyContent/Maps/Main.Main_C' with ClassGeneratedBy '/Game/MyContent/Maps/Main.Main:PersistentLevel.Main'
[2018.12.10-02.00.53:297][460]LogSlate: Updating window title bar state: overlay mode, drag disabled, window buttons hidden, title bar hidden
[2018.12.10-02.00.53:330][460]LogPlayLevel: Display: Shutting down PIE online subsystems
[2018.12.10-02.00.53:330][460]LogBlueprintUserMessages: Late EndPlayMap Detection: Level '/Game/MyContent/Maps/Main.Main:PersistentLevel' has LevelScriptBlueprint '/Game/MyContent/Maps/Main.Main:PersistentLevel.Main' with GeneratedClass '/Game/MyContent/Maps/Main.Main_C' with ClassGeneratedBy '/Game/MyContent/Maps/Main.Main:PersistentLevel.Main'
[2018.12.10-02.00.53:358][460]LogSlate: Updating window title bar state: overlay mode, drag disabled, window buttons hidden, title bar hidden
[2018.12.10-02.00.53:408][461]LogPlayLevel: Display: Destroying online subsystem :Context_9
[2018.12.10-02.00.57:296][909]LogEditorViewport: Clicking on Actor (LMB): Bp_Elf_C (Bp_Elf)
[2018.12.10-02.01.09:027][216]LogSlate: FSceneViewport::OnFocusLost() reason 2
[2018.12.10-02.01.22:826][605]LogEditorViewport: Clicking on Actor (LMB): StaticMeshActor (Wally10)
[2018.12.10-02.01.23:414][663]LogEditorViewport: Clicking on Actor (LMB): Bp_Elf_C (Bp_Elf)
[2018.12.10-02.01.24:928][834]Cmd: EDIT COPY
[2018.12.10-02.01.25:670][919]Cmd: EDIT PASTE
[2018.12.10-02.01.25:686][919]LogActor: Warning: Bp_Elf_C /Game/MyContent/Maps/Main.Main:PersistentLevel.Bp_Elf_3 has natively added scene component(s), but none of them were set as the actor's RootComponent - picking one arbitrarily
[2018.12.10-02.01.56:339][782]LogSlate: FSceneViewport::OnFocusLost() reason 0
[2018.12.10-02.01.57:718][925]LogEditorActor: Deleted Actor: StaticMeshActor
[2018.12.10-02.01.57:745][925]LogEditorActor: Deleted 1 Actors (0.029 secs)
[2018.12.10-02.02.02:843][509]LogEditorViewport: Clicking on Actor (LMB): Bp_Elf_C (Bp_Elf2)
[2018.12.10-02.02.08:901][192]Cmd: EDIT COPY
[2018.12.10-02.02.09:140][219]Cmd: EDIT PASTE
[2018.12.10-02.02.09:153][219]LogActor: Warning: Bp_Elf_C /Game/MyContent/Maps/Main.Main:PersistentLevel.Bp_Elf2_4 has natively added scene component(s), but none of them were set as the actor's RootComponent - picking one arbitrarily
[2018.12.10-02.02.19:167][327]LogSlate: FSceneViewport::OnFocusLost() reason 0
[2018.12.10-02.02.22:387][644]LogSlate: FSceneViewport::OnFocusLost() reason 0
[2018.12.10-02.02.28:343][284]Cmd: DELETE
[2018.12.10-02.02.28:343][284]Cmd: ACTOR DELETE
[2018.12.10-02.02.28:346][284]LogEditorActor: Deleted Actor: StaticMeshActor
[2018.12.10-02.02.28:372][284]LogEditorActor: Deleted 1 Actors (0.029 secs)
[2018.12.10-02.02.35:071][ 53]LogEditorViewport: Clicking on Actor (LMB): Bp_Elf_C (Bp_Elf2)
[2018.12.10-02.02.44:881][175]LogSlate: FSceneViewport::OnFocusLost() reason 0
[2018.12.10-02.02.45:007][189]LogSlate: Window 'Bp_Elf' being destroyed
[2018.12.10-02.02.45:009][189]LogSlate: Window 'Bp_Elf' being destroyed
[2018.12.10-02.08.52:080][927]LogSavePackage: Moving 'A:/Projects/Unreal Engine Projects/Christmas/ElfBowling/Saved/Main_Auto23C55564A4250EA4B68D36AB758C04904.tmp' to 'A:/Projects/Unreal Engine Projects/Christmas/ElfBowling/Saved/Autosaves/Game/MyContent/Maps/Main_Auto2.umap'
[2018.12.10-02.08.52:111][927]LogFileHelpers: Editor autosave (incl. sublevels) for '/Game/MyContent/Maps/Main' took 0.245
[2018.12.10-02.08.52:111][927]LogFileHelpers: Editor autosave (incl. sublevels) for all levels took 0.245
[2018.12.10-02.15.34:187][323]LogActor: Warning: Bp_Elf_C /Game/MyContent/Maps/Main.Main:PersistentLevel.Bp_Elf_C_5 has natively added scene component(s), but none of them were set as the actor's RootComponent - picking one arbitrarily
[2018.12.10-02.15.34:706][384]LogActor: Warning: Bp_Elf_C /Game/MyContent/Maps/Main.Main:PersistentLevel.Bp_Elf_C_6 has natively added scene component(s), but none of them were set as the actor's RootComponent - picking one arbitrarily
[2018.12.10-02.15.35:983][535]Cmd: DELETE
[2018.12.10-02.15.35:983][535]Cmd: ACTOR DELETE
[2018.12.10-02.15.35:986][535]LogEditorActor: Deleted Actor: Bp_Elf_C
[2018.12.10-02.15.36:012][535]LogEditorActor: Deleted 1 Actors (0.029 secs)
[2018.12.10-02.16.03:862][586]LogSlate: FSceneViewport::OnFocusLost() reason 2
[2018.12.10-02.16.05:158][689]LogEditorViewport: Clicking on Actor (LMB): Bp_Elf_C (Bp_Elf2)
[2018.12.10-02.18.52:609][241]LogSavePackage: Moving 'A:/Projects/Unreal Engine Projects/Christmas/ElfBowling/Saved/Main_Auto3833923A04AF752DF9A6809A387E9659B.tmp' to 'A:/Projects/Unreal Engine Projects/Christmas/ElfBowling/Saved/Autosaves/Game/MyContent/Maps/Main_Auto3.umap'
[2018.12.10-02.18.52:617][241]LogFileHelpers: Editor autosave (incl. sublevels) for '/Game/MyContent/Maps/Main' took 0.218
[2018.12.10-02.18.52:617][241]LogFileHelpers: Editor autosave (incl. sublevels) for all levels took 0.218
[2018.12.10-02.21.39:322][748]LogEditorViewport: Clicking on Actor (LMB): Bp_Elf_C (Bp_Elf3)
[2018.12.10-02.21.41:790][ 39]LogEditorViewport: Clicking on Actor (LMB): Bp_Elf_C (Bp_Elf2)
[2018.12.10-02.21.43:124][196]LogEditorViewport: Clicking on Actor (LMB): Bp_Elf_C (Bp_Elf3)
[2018.12.10-02.21.44:442][351]LogEditorViewport: Clicking on Actor (LMB): Bp_Elf_C (Bp_Elf2)
[2018.12.10-02.21.45:659][494]LogEditorViewport: Clicking on Actor (LMB): Bp_Elf_C (Bp_Elf3)
[2018.12.10-02.21.47:888][752]LogEditorViewport: Clicking on Actor (LMB): Bp_Elf_C (Bp_Elf2)
[2018.12.10-02.21.49:001][882]LogEditorViewport: Clicking on Actor (LMB): Bp_Elf_C (Bp_Elf3)
[2018.12.10-02.23.47:115][405]LogEditorViewport: Clicking on Actor (LMB): StaticMeshActor (Wally6)
[2018.12.10-02.23.54:256][235]LogSlate: FSceneViewport::OnFocusLost() reason 0
[2018.12.10-02.24.12:322][357]LogEditorViewport: Clicking on Actor (LMB): Bp_Elf_C (Bp_Elf2)
[2018.12.10-02.24.13:418][485]LogEditorViewport: Clicking on Actor (LMB): Bp_Elf_C (Bp_Elf3)
[2018.12.10-02.24.14:703][636]LogEditorViewport: Clicking on Actor (LMB): Bp_Elf_C (Bp_Elf2)
[2018.12.10-02.24.15:938][781]LogEditorViewport: Clicking on Actor (LMB): Bp_Elf_C (Bp_Elf3)
[2018.12.10-02.24.18:590][ 96]LogEditorViewport: Clicking on Actor (LMB): StaticMeshActor (Wally6)
[2018.12.10-02.24.19:854][241]LogEditorViewport: Clicking on Actor (LMB): Bp_Elf_C (Bp_Elf2)
[2018.12.10-02.24.25:806][950]LogEditorViewport: Clicking on Actor (LMB): StaticMeshActor (Wally3)
[2018.12.10-02.26.08:667][ 42]LogSlate: FSceneViewport::OnFocusLost() reason 2
[2018.12.10-02.26.09:847][139]LogEditorViewport: Clicking on Actor (LMB): Bp_Elf_C (Bp_Elf2)
[2018.12.10-02.26.11:386][320]LogEditorViewport: Clicking on Actor (LMB): StaticMeshActor (Wally6)
[2018.12.10-02.26.17:568][ 49]LogEditorViewport: Clicking on Actor (LMB): Bp_Elf_C (Bp_Elf2)
[2018.12.10-02.26.18:488][156]LogEditorViewport: Clicking on Actor (LMB): StaticMeshActor (Wally6)
[2018.12.10-02.26.21:266][458]LogEditorViewport: Clicking on Actor (LMB): StaticMeshActor (Wally8)
[2018.12.10-02.26.26:754][ 67]LogEditorViewport: Clicking on Actor (LMB): StaticMeshActor (Wally9)
[2018.12.10-02.26.29:115][336]LogEditorViewport: Clicking on Actor (LMB): StaticMeshActor (Wally10)
[2018.12.10-02.26.35:716][ 96]LogEditorViewport: Clicking on Actor (LMB): StaticMeshActor (Wally8)
[2018.12.10-02.26.37:906][337]LogEditorViewport: Clicking on Actor (LMB): StaticMeshActor (Wally7)
[2018.12.10-02.26.39:658][541]LogEditorViewport: Clicking on Actor (LMB): StaticMeshActor (Wally8)
[2018.12.10-02.26.40:860][679]LogEditorViewport: Clicking on Actor (LMB): StaticMeshActor (Wally10)
[2018.12.10-02.26.42:100][822]LogEditorViewport: Clicking on Actor (LMB): StaticMeshActor (Wally9)
[2018.12.10-02.26.43:199][948]LogEditorViewport: Clicking on Actor (LMB): StaticMeshActor (Wally6)
[2018.12.10-02.26.44:106][ 51]LogEditorViewport: Clicking on Actor (LMB): StaticMeshActor (Wally7)
[2018.12.10-02.26.48:896][598]LogEditorViewport: Clicking on Actor (LMB): Bp_Elf_C (Bp_Elf3)
[2018.12.10-02.26.52:707][ 28]LogEditorViewport: Clicking on Actor (LMB): Bp_Elf_C (Bp_Elf2)
[2018.12.10-02.26.55:725][387]LogEditorViewport: Clicking on Actor (LMB): StaticMeshActor (Wally6)
[2018.12.10-02.26.58:823][752]LogEditorViewport: Clicking on Actor (LMB): StaticMeshActor (Wally9)
[2018.12.10-02.27.00:031][891]LogEditorViewport: Clicking on Actor (LMB): Bp_Elf_C (Bp_Elf)
[2018.12.10-02.27.02:839][224]LogEditorViewport: Clicking on Actor (LMB): StaticMeshActor (Wally9)
[2018.12.10-02.27.04:240][385]LogEditorViewport: Clicking on Actor (LMB): StaticMeshActor (Wally6)
[2018.12.10-02.27.05:373][515]LogEditorViewport: Clicking on Actor (LMB): Bp_Elf_C (Bp_Elf2)
[2018.12.10-02.27.07:762][798]LogEditorViewport: Clicking on Actor (LMB): Bp_Elf_C (Bp_Elf)
[2018.12.10-02.28.53:316][444]LogSavePackage: Moving 'A:/Projects/Unreal Engine Projects/Christmas/ElfBowling/Saved/Main_Auto4EA99227A4CC8A5BD245FFAADF282C619.tmp' to 'A:/Projects/Unreal Engine Projects/Christmas/ElfBowling/Saved/Autosaves/Game/MyContent/Maps/Main_Auto4.umap'
[2018.12.10-02.28.53:322][444]LogFileHelpers: Editor autosave (incl. sublevels) for '/Game/MyContent/Maps/Main' took 0.211
[2018.12.10-02.28.53:322][444]LogFileHelpers: Editor autosave (incl. sublevels) for all levels took 0.211
[2018.12.10-02.29.15:253][754]LogEditorViewport: Clicking on Actor (LMB): StaticMeshActor (Wally6)
[2018.12.10-02.30.09:185][751]LogEditorViewport: Clicking on Actor (LMB): StaticMeshActor (Wally9)
[2018.12.10-02.30.12:624][156]LogEditorViewport: Clicking on Actor (LMB): Bp_Elf_C (Bp_Elf3)
[2018.12.10-02.30.14:078][327]LogEditorViewport: Clicking on Actor (LMB): StaticMeshActor (Wally9)
[2018.12.10-02.31.02:173][ 26]LogEditorViewport: Clicking on Actor (LMB): Bp_Elf_C (Bp_Elf)
[2018.12.10-02.31.05:110][375]LogEditorViewport: Clicking on Actor (LMB): StaticMeshActor (Wally7)
[2018.12.10-02.33.24:533][211]LogSlate: FSceneViewport::OnFocusLost() reason 0
[2018.12.10-02.33.24:858][211]Candidate modules for hot reload:
[2018.12.10-02.33.24:858][211]  ElfBowling
[2018.12.10-02.33.24:858][211]Launching UnrealBuildTool... [C:/Program Files/Epic Games/UE_4.20/Engine/Binaries/DotNET/UnrealBuildTool.exe  -ModuleWithSuffix=ElfBowling,7766 Win64 Development -TargetType=Editor -Project="A:/Projects/Unreal Engine Projects/Christmas/ElfBowling/ElfBowling.uproject" -canskiplink "A:/Projects/Unreal Engine Projects/Christmas/ElfBowling/ElfBowling.uproject" ]
[2018.12.10-02.33.24:866][211]Warning: Starting HotReload took  0.0s.
[2018.12.10-02.33.43:523][387]CompilerResultsLog: New page: Compilation - 10 Dec 2018 02:33:43
[2018.12.10-02.33.43:523][387]CompilerResultsLog: Using 'git status' to determine working set for adaptive non-unity build.
[2018.12.10-02.33.43:523][387]CompilerResultsLog: Compiling game modules for hot reload
[2018.12.10-02.33.43:524][387]CompilerResultsLog: Parsing headers for ElfBowlingEditor
[2018.12.10-02.33.43:524][387]CompilerResultsLog:   Running UnrealHeaderTool "A:\Projects\Unreal Engine Projects\Christmas\ElfBowling\ElfBowling.uproject" "A:\Projects\Unreal Engine Projects\Christmas\ElfBowling\Intermediate\Build\Win64\ElfBowlingEditor\Development\ElfBowlingEditor.uhtmanifest" -LogCmds="loginit warning, logexit warning, logdatabase error" -Unattended -WarningsAsErrors -installed
[2018.12.10-02.33.43:524][387]CompilerResultsLog: Reflection code generated for ElfBowlingEditor in 11.9663731 seconds
[2018.12.10-02.33.43:524][387]CompilerResultsLog: Building 5 actions with 4 processes...
[2018.12.10-02.33.43:524][387]CompilerResultsLog:   [1/5] ElfBowling.init.gen.cpp
[2018.12.10-02.33.43:524][387]CompilerResultsLog:   [2/5] ElfController.gen.cpp
[2018.12.10-02.33.43:524][387]CompilerResultsLog:   [3/5] ElfController.cpp
[2018.12.10-02.33.43:524][387]CompilerResultsLog:   [4/5] UE4Editor-ElfBowling-7766.lib
[2018.12.10-02.33.43:524][387]CompilerResultsLog:      Creating library A:\Projects\Unreal Engine Projects\Christmas\ElfBowling\Intermediate\Build\Win64\UE4Editor\Development\ElfBowling\UE4Editor-ElfBowling-7766.lib and object A:\Projects\Unreal Engine Projects\Christmas\ElfBowling\Intermediate\Build\Win64\UE4Editor\Development\ElfBowling\UE4Editor-ElfBowling-7766.exp
[2018.12.10-02.33.43:524][387]CompilerResultsLog:   [5/5] UE4Editor-ElfBowling-7766.dll
[2018.12.10-02.33.43:524][387]CompilerResultsLog:      Creating library A:\Projects\Unreal Engine Projects\Christmas\ElfBowling\Intermediate\Build\Win64\UE4Editor\Development\ElfBowling\UE4Editor-ElfBowling-7766.suppressed.lib and object A:\Projects\Unreal Engine Projects\Christmas\ElfBowling\Intermediate\Build\Win64\UE4Editor\Development\ElfBowling\UE4Editor-ElfBowling-7766.suppressed.exp
[2018.12.10-02.33.43:524][387]CompilerResultsLog: Total build time: 18.25 seconds (Parallel executor: 4.20 seconds)
[2018.12.10-02.33.43:524][387]LogMainFrame: MainFrame: Module compiling took 18.682 seconds
[2018.12.10-02.33.43:571][387]LogClass: Could not find existing class ElfController in package /Script/ElfBowling for HotReload, assuming new class
[2018.12.10-02.33.43:575][387]LogHotReload: Re-instancing DestroyBall after hot-reload.
[2018.12.10-02.33.43:575][387]LogActor: Warning: DestroyBall /Game/MyContent/Maps/Main.Main:PersistentLevel.DestroyBall_1 has natively added scene component(s), but none of them were set as the actor's RootComponent - picking one arbitrarily
[2018.12.10-02.33.43:667][387]LogHotReload: Re-instancing ElfController after hot-reload.
[2018.12.10-02.33.43:756][387]LogContentBrowser: Native class hierarchy updated for 'ElfBowling' in 0.0003 seconds. Added 6 classes and 2 folders.
[2018.12.10-02.33.43:760][387]Display: HotReload successful (1 functions remapped  0 scriptstructs remapped)
[2018.12.10-02.33.44:063][387]LogContentBrowser: Native class hierarchy populated in 0.0084 seconds. Added 2579 classes and 607 folders.
[2018.12.10-02.33.44:063][387]Display: HotReload took 19.2s.
[2018.12.10-02.33.48:263][876]LogEditorViewport: Clicking on Actor (LMB): Bp_Elf_C (Bp_Elf)
[2018.12.10-02.33.49:496][ 18]Cmd: DELETE
[2018.12.10-02.33.49:496][ 18]Cmd: ACTOR DELETE
[2018.12.10-02.33.49:498][ 18]LogEditorActor: Deleted Actor: Bp_Elf_C
[2018.12.10-02.33.49:553][ 18]LogEditorActor: Deleted 1 Actors (0.057 secs)
[2018.12.10-02.33.50:075][ 80]LogEditorViewport: Clicking on Actor (LMB): StaticMeshActor (Wally9)
[2018.12.10-02.33.50:267][ 96]Cmd: DELETE
[2018.12.10-02.33.50:267][ 96]Cmd: ACTOR DELETE
[2018.12.10-02.33.50:269][ 96]LogEditorActor: Deleted Actor: StaticMeshActor
[2018.12.10-02.33.50:311][ 96]LogEditorActor: Deleted 1 Actors (0.044 secs)
[2018.12.10-02.33.50:787][152]LogEditorViewport: Clicking on Actor (LMB): StaticMeshActor (Wally10)
[2018.12.10-02.33.50:955][166]Cmd: DELETE
[2018.12.10-02.33.50:955][166]Cmd: ACTOR DELETE
[2018.12.10-02.33.50:957][166]LogEditorActor: Deleted Actor: StaticMeshActor
[2018.12.10-02.33.50:982][166]LogEditorActor: Deleted 1 Actors (0.027 secs)
[2018.12.10-02.33.51:403][216]LogEditorViewport: Clicking on Actor (LMB): StaticMeshActor (Wally8)
[2018.12.10-02.33.51:857][264]LogEditorViewport: Clicking on Actor (LMB): StaticMeshActor (Wally7)
[2018.12.10-02.33.52:324][314]Cmd: DELETE
[2018.12.10-02.33.52:324][314]Cmd: ACTOR DELETE
[2018.12.10-02.33.52:326][314]LogEditorActor: Deleted Actor: StaticMeshActor
[2018.12.10-02.33.52:349][314]LogEditorActor: Deleted 1 Actors (0.025 secs)
[2018.12.10-02.33.52:795][367]LogEditorViewport: Clicking on Actor (LMB): StaticMeshActor (Wally8)
[2018.12.10-02.33.52:918][376]Cmd: DELETE
[2018.12.10-02.33.52:918][376]Cmd: ACTOR DELETE
[2018.12.10-02.33.52:920][376]LogEditorActor: Deleted Actor: StaticMeshActor
[2018.12.10-02.33.52:944][376]LogEditorActor: Deleted 1 Actors (0.026 secs)
[2018.12.10-02.33.53:424][433]LogEditorViewport: Clicking on Actor (LMB): StaticMeshActor (Wally6)
[2018.12.10-02.33.53:618][450]Cmd: DELETE
[2018.12.10-02.33.53:618][450]Cmd: ACTOR DELETE
[2018.12.10-02.33.53:620][450]LogEditorActor: Deleted Actor: StaticMeshActor
[2018.12.10-02.33.53:644][450]LogEditorActor: Deleted 1 Actors (0.026 secs)
[2018.12.10-02.33.54:016][494]LogEditorViewport: Clicking on Actor (LMB): Bp_Elf_C (Bp_Elf2)
[2018.12.10-02.33.54:185][511]Cmd: DELETE
[2018.12.10-02.33.54:185][511]Cmd: ACTOR DELETE
[2018.12.10-02.33.54:187][511]LogEditorActor: Deleted Actor: Bp_Elf_C
[2018.12.10-02.33.54:207][511]LogEditorActor: Deleted 1 Actors (0.022 secs)
[2018.12.10-02.33.54:934][593]Cmd: DELETE
[2018.12.10-02.33.54:934][593]Cmd: ACTOR DELETE
[2018.12.10-02.33.54:936][593]LogEditorActor: Deleted Actor: Brush
[2018.12.10-02.33.54:977][593]LogEditorActor: Deleted 1 Actors (0.043 secs)
[2018.12.10-02.33.56:570][782]Cmd: TRANSACTION UNDO
[2018.12.10-02.33.56:570][782]LogEditorTransaction: Undo Delete Actors
[2018.12.10-02.33.56:578][782]LogActorComponent: ~FComponentReregisterContext: (/Game/MyContent/Maps/Main.Main:PersistentLevel.BoxBrush.BrushComponent0) Component already registered.
[2018.12.10-02.33.57:286][856]LogEditorViewport: Clicking on Actor (LMB): Bp_Elf_C (Bp_Elf3)
[2018.12.10-02.33.58:096][950]Cmd: DELETE
[2018.12.10-02.33.58:096][950]Cmd: ACTOR DELETE
[2018.12.10-02.33.58:098][950]LogEditorActor: Deleted Actor: Bp_Elf_C
[2018.12.10-02.33.58:119][950]LogEditorActor: Deleted 1 Actors (0.023 secs)
[2018.12.10-02.33.58:651][ 14]LogEditorViewport: Clicking on Actor (LMB): StaticMeshActor (Wally4)
[2018.12.10-02.33.58:864][ 33]Cmd: DELETE
[2018.12.10-02.33.58:864][ 33]Cmd: ACTOR DELETE
[2018.12.10-02.33.58:866][ 33]LogEditorActor: Deleted Actor: StaticMeshActor
[2018.12.10-02.33.58:890][ 33]LogEditorActor: Deleted 1 Actors (0.027 secs)
[2018.12.10-02.33.59:402][ 94]LogEditorViewport: Clicking on Actor (LMB): StaticMeshActor (Wally3)
[2018.12.10-02.33.59:601][112]Cmd: DELETE
[2018.12.10-02.33.59:601][112]Cmd: ACTOR DELETE
[2018.12.10-02.33.59:603][112]LogEditorActor: Deleted Actor: StaticMeshActor
[2018.12.10-02.33.59:629][112]LogEditorActor: Deleted 1 Actors (0.028 secs)
[2018.12.10-02.34.05:167][733]LogSlate: FSceneViewport::OnFocusLost() reason 0
[2018.12.10-02.34.10:303][308]LogEditor: Attempting to add actor of class 'ElfController' to level at -1190.00,540.00,100.00
[2018.12.10-02.34.10:949][385]LogEditor: Attempting to add actor of class 'ElfController' to level at -1250.00,250.00,100.00
[2018.12.10-02.34.15:017][871]LogSlate: FSceneViewport::OnFocusLost() reason 0
[2018.12.10-02.34.27:246][791]LogSlate: FSceneViewport::OnFocusLost() reason 0
[2018.12.10-02.34.47:785][363]Cmd: OBJ SAVEPACKAGE PACKAGE="/Game/MyContent/Maps/Main" FILE="A:/Projects/Unreal Engine Projects/Christmas/ElfBowling/Content/MyContent/Maps/Main.umap" SILENT=true AUTOSAVING=false KEEPDIRTY=false
[2018.12.10-02.34.47:952][363]LogSavePackage: Moving 'A:/Projects/Unreal Engine Projects/Christmas/ElfBowling/Saved/MainD75AD9B34B4C5DE4B42FDAAD25DD4F2C.tmp' to 'A:/Projects/Unreal Engine Projects/Christmas/ElfBowling/Content/MyContent/Maps/Main.umap'
[2018.12.10-02.34.47:978][363]Cmd: OBJ SAVEPACKAGE PACKAGE="/Game/MyContent/Maps/Main_BuiltData" FILE="A:/Projects/Unreal Engine Projects/Christmas/ElfBowling/Content/MyContent/Maps/Main_BuiltData.uasset" SILENT=true
[2018.12.10-02.34.48:033][363]LogSavePackage: Moving 'A:/Projects/Unreal Engine Projects/Christmas/ElfBowling/Saved/Main_BuiltDataDB7F3CDF479BB61CF301F686FD0A912F.tmp' to 'A:/Projects/Unreal Engine Projects/Christmas/ElfBowling/Content/MyContent/Maps/Main_BuiltData.uasset'
[2018.12.10-02.34.57:048][578]Candidate modules for hot reload:
[2018.12.10-02.34.57:048][578]  ElfBowling
[2018.12.10-02.34.57:048][578]Launching UnrealBuildTool... [C:/Program Files/Epic Games/UE_4.20/Engine/Binaries/DotNET/UnrealBuildTool.exe  -ModuleWithSuffix=ElfBowling,7868 Win64 Development -TargetType=Editor -Project="A:/Projects/Unreal Engine Projects/Christmas/ElfBowling/ElfBowling.uproject" -canskiplink "A:/Projects/Unreal Engine Projects/Christmas/ElfBowling/ElfBowling.uproject" ]
[2018.12.10-02.34.57:057][578]Warning: Starting HotReload took  0.0s.
[2018.12.10-02.35.12:890][454]CompilerResultsLog: New page: Compilation - 10 Dec 2018 02:35:12
[2018.12.10-02.35.12:890][454]CompilerResultsLog: Using 'git status' to determine working set for adaptive non-unity build.
[2018.12.10-02.35.12:890][454]CompilerResultsLog: Compiling game modules for hot reload
[2018.12.10-02.35.12:890][454]CompilerResultsLog: Parsing headers for ElfBowlingEditor
[2018.12.10-02.35.12:890][454]CompilerResultsLog:   Running UnrealHeaderTool "A:\Projects\Unreal Engine Projects\Christmas\ElfBowling\ElfBowling.uproject" "A:\Projects\Unreal Engine Projects\Christmas\ElfBowling\Intermediate\Build\Win64\ElfBowlingEditor\Development\ElfBowlingEditor.uhtmanifest" -LogCmds="loginit warning, logexit warning, logdatabase error" -Unattended -WarningsAsErrors -installed
[2018.12.10-02.35.12:890][454]CompilerResultsLog: Reflection code generated for ElfBowlingEditor in 11.0116229 seconds
[2018.12.10-02.35.12:890][454]CompilerResultsLog: Building 5 actions with 4 processes...
[2018.12.10-02.35.12:890][454]CompilerResultsLog:   [1/5] ElfBowling.init.gen.cpp
[2018.12.10-02.35.12:890][454]CompilerResultsLog:   [2/5] ElfController.cpp
[2018.12.10-02.35.12:890][454]CompilerResultsLog:   [3/5] ElfController.gen.cpp
[2018.12.10-02.35.12:890][454]CompilerResultsLog:   [4/5] UE4Editor-ElfBowling-7868.lib
[2018.12.10-02.35.12:890][454]CompilerResultsLog:      Creating library A:\Projects\Unreal Engine Projects\Christmas\ElfBowling\Intermediate\Build\Win64\UE4Editor\Development\ElfBowling\UE4Editor-ElfBowling-7868.lib and object A:\Projects\Unreal Engine Projects\Christmas\ElfBowling\Intermediate\Build\Win64\UE4Editor\Development\ElfBowling\UE4Editor-ElfBowling-7868.exp
[2018.12.10-02.35.12:890][454]CompilerResultsLog:   [5/5] UE4Editor-ElfBowling-7868.dll
[2018.12.10-02.35.12:890][454]CompilerResultsLog:      Creating library A:\Projects\Unreal Engine Projects\Christmas\ElfBowling\Intermediate\Build\Win64\UE4Editor\Development\ElfBowling\UE4Editor-ElfBowling-7868.suppressed.lib and object A:\Projects\Unreal Engine Projects\Christmas\ElfBowling\Intermediate\Build\Win64\UE4Editor\Development\ElfBowling\UE4Editor-ElfBowling-7868.suppressed.exp
[2018.12.10-02.35.12:891][454]CompilerResultsLog: Total build time: 15.43 seconds (Parallel executor: 2.46 seconds)
[2018.12.10-02.35.12:891][454]LogMainFrame: MainFrame: Module compiling took 15.856 seconds
[2018.12.10-02.35.12:934][454]LogClass: Could not find existing class ElfController in package /Script/ElfBowling for HotReload, assuming new class
[2018.12.10-02.35.12:937][454]LogHotReload: Re-instancing DestroyBall after hot-reload.
[2018.12.10-02.35.12:937][454]LogActor: Warning: DestroyBall /Game/MyContent/Maps/Main.Main:PersistentLevel.DestroyBall_1 has natively added scene component(s), but none of them were set as the actor's RootComponent - picking one arbitrarily
[2018.12.10-02.35.13:026][454]LogHotReload: Re-instancing ElfController after hot-reload.
[2018.12.10-02.35.13:114][454]LogContentBrowser: Native class hierarchy updated for 'ElfBowling' in 0.0003 seconds. Added 6 classes and 2 folders.
[2018.12.10-02.35.13:118][454]Display: HotReload successful (1 functions remapped  0 scriptstructs remapped)
[2018.12.10-02.35.13:418][454]LogContentBrowser: Native class hierarchy populated in 0.0090 seconds. Added 2579 classes and 607 folders.
[2018.12.10-02.35.13:419][454]Display: HotReload took 16.4s.
[2018.12.10-02.35.16:739][839]LogSlate: Prevented a slow task dialog from being summoned while a context menu was open
[2018.12.10-02.35.20:231][252]LogSlate: FSceneViewport::OnFocusLost() reason 0
[2018.12.10-02.35.20:323][263]LogTemp: Repeating last play command: Selected Viewport
[2018.12.10-02.35.20:335][263]LogBlueprintUserMessages: Early PlayInEditor Detection: Level '/Game/MyContent/Maps/Main.Main:PersistentLevel' has LevelScriptBlueprint '/Game/MyContent/Maps/Main.Main:PersistentLevel.Main' with GeneratedClass '/Game/MyContent/Maps/Main.Main_C' with ClassGeneratedBy '/Game/MyContent/Maps/Main.Main:PersistentLevel.Main'
[2018.12.10-02.35.20:335][263]LogPlayLevel: PlayLevel: No blueprints needed recompiling
[2018.12.10-02.35.20:335][263]PIE: New page: PIE session: Main (10 Dec 2018 02:35:20)
[2018.12.10-02.35.20:335][263]LogPlayLevel: Creating play world package: /Game/MyContent/Maps/UEDPIE_0_Main
[2018.12.10-02.35.20:340][263]LogPlayLevel: PIE: StaticDuplicateObject took: (0.005112s)
[2018.12.10-02.35.20:341][263]LogAIModule: Creating AISystem for world Main
[2018.12.10-02.35.20:341][263]LogPlayLevel: PIE: World Init took: (0.000783s)
[2018.12.10-02.35.20:341][263]LogPlayLevel: PIE: Created PIE world by copying editor world from /Game/MyContent/Maps/Main.Main to /Game/MyContent/Maps/UEDPIE_0_Main.Main (0.006122s)
[2018.12.10-02.35.20:404][263]LogInit: XAudio2 using 'Headphones (High Definition Audio Device)' : 2 channels at 44.1 kHz using 16 bits per sample (channel mask 0x3)
[2018.12.10-02.35.20:415][263]LogInit: FAudioDevice initialized.
[2018.12.10-02.35.20:447][263]LogLoad: Game class is 'Bp_ElfBowlingGameModeBase_C'
[2018.12.10-02.35.20:448][263]LogWorld: Bringing World /Game/MyContent/Maps/UEDPIE_0_Main.Main up for play (max tick rate 0) at 2018.12.10-02.35.20
[2018.12.10-02.35.20:449][263]LogWorld: Bringing up level for play took: 0.000911
[2018.12.10-02.35.20:461][263]LogActor: Warning: Bp_Elf_C /Game/MyContent/Maps/UEDPIE_0_Main.Main:PersistentLevel.Bp_Elf_C_0 has natively added scene component(s), but none of them were set as the actor's RootComponent - picking one arbitrarily
[2018.12.10-02.35.20:461][263]LogActor: Warning: Bp_Elf_C /Game/MyContent/Maps/UEDPIE_0_Main.Main:PersistentLevel.Bp_Elf_C_1 has natively added scene component(s), but none of them were set as the actor's RootComponent - picking one arbitrarily
[2018.12.10-02.35.20:461][263]LogActor: Warning: Bp_Elf_C /Game/MyContent/Maps/UEDPIE_0_Main.Main:PersistentLevel.Bp_Elf_C_2 has natively added scene component(s), but none of them were set as the actor's RootComponent - picking one arbitrarily
[2018.12.10-02.35.20:461][263]LogActor: Warning: Bp_Elf_C /Game/MyContent/Maps/UEDPIE_0_Main.Main:PersistentLevel.Bp_Elf_C_3 has natively added scene component(s), but none of them were set as the actor's RootComponent - picking one arbitrarily
[2018.12.10-02.35.20:461][263]LogActor: Warning: Bp_Elf_C /Game/MyContent/Maps/UEDPIE_0_Main.Main:PersistentLevel.Bp_Elf_C_4 has natively added scene component(s), but none of them were set as the actor's RootComponent - picking one arbitrarily
[2018.12.10-02.35.20:461][263]LogActor: Warning: Bp_Elf_C /Game/MyContent/Maps/UEDPIE_0_Main.Main:PersistentLevel.Bp_Elf_C_5 has natively added scene component(s), but none of them were set as the actor's RootComponent - picking one arbitrarily
[2018.12.10-02.35.20:461][263]LogActor: Warning: Bp_Elf_C /Game/MyContent/Maps/UEDPIE_0_Main.Main:PersistentLevel.Bp_Elf_C_6 has natively added scene component(s), but none of them were set as the actor's RootComponent - picking one arbitrarily
[2018.12.10-02.35.20:462][263]LogActor: Warning: Bp_Elf_C /Game/MyContent/Maps/UEDPIE_0_Main.Main:PersistentLevel.Bp_Elf_C_7 has natively added scene component(s), but none of them were set as the actor's RootComponent - picking one arbitrarily
[2018.12.10-02.35.20:462][263]LogActor: Warning: Bp_Elf_C /Game/MyContent/Maps/UEDPIE_0_Main.Main:PersistentLevel.Bp_Elf_C_8 has natively added scene component(s), but none of them were set as the actor's RootComponent - picking one arbitrarily
[2018.12.10-02.35.20:462][263]LogActor: Warning: Bp_Elf_C /Game/MyContent/Maps/UEDPIE_0_Main.Main:PersistentLevel.Bp_Elf_C_9 has natively added scene component(s), but none of them were set as the actor's RootComponent - picking one arbitrarily
[2018.12.10-02.35.20:462][263]PIE: Play in editor start time for /Game/MyContent/Maps/UEDPIE_0_Main 0.444
[2018.12.10-02.35.20:463][263]LogBlueprintUserMessages: Late PlayInEditor Detection: Level '/Game/MyContent/Maps/Main.Main:PersistentLevel' has LevelScriptBlueprint '/Game/MyContent/Maps/Main.Main:PersistentLevel.Main' with GeneratedClass '/Game/MyContent/Maps/Main.Main_C' with ClassGeneratedBy '/Game/MyContent/Maps/Main.Main:PersistentLevel.Main'
[2018.12.10-02.35.24:228][712]LogBlueprintUserMessages: Early EndPlayMap Detection: Level '/Game/MyContent/Maps/Main.Main:PersistentLevel' has LevelScriptBlueprint '/Game/MyContent/Maps/Main.Main:PersistentLevel.Main' with GeneratedClass '/Game/MyContent/Maps/Main.Main_C' with ClassGeneratedBy '/Game/MyContent/Maps/Main.Main:PersistentLevel.Main'
[2018.12.10-02.35.24:228][712]LogSlate: Updating window title bar state: overlay mode, drag disabled, window buttons hidden, title bar hidden
[2018.12.10-02.35.24:260][712]LogPlayLevel: Display: Shutting down PIE online subsystems
[2018.12.10-02.35.24:260][712]LogBlueprintUserMessages: Late EndPlayMap Detection: Level '/Game/MyContent/Maps/Main.Main:PersistentLevel' has LevelScriptBlueprint '/Game/MyContent/Maps/Main.Main:PersistentLevel.Main' with GeneratedClass '/Game/MyContent/Maps/Main.Main_C' with ClassGeneratedBy '/Game/MyContent/Maps/Main.Main:PersistentLevel.Main'
[2018.12.10-02.35.24:286][712]LogSlate: Updating window title bar state: overlay mode, drag disabled, window buttons hidden, title bar hidden
[2018.12.10-02.35.24:335][715]LogPlayLevel: Display: Destroying online subsystem :Context_10
[2018.12.10-02.35.27:662][107]LogSlate: FSceneViewport::OnFocusLost() reason 0
[2018.12.10-02.35.27:754][118]LogTemp: Repeating last play command: Selected Viewport
[2018.12.10-02.35.27:765][118]LogBlueprintUserMessages: Early PlayInEditor Detection: Level '/Game/MyContent/Maps/Main.Main:PersistentLevel' has LevelScriptBlueprint '/Game/MyContent/Maps/Main.Main:PersistentLevel.Main' with GeneratedClass '/Game/MyContent/Maps/Main.Main_C' with ClassGeneratedBy '/Game/MyContent/Maps/Main.Main:PersistentLevel.Main'
[2018.12.10-02.35.27:765][118]LogPlayLevel: PlayLevel: No blueprints needed recompiling
[2018.12.10-02.35.27:765][118]PIE: New page: PIE session: Main (10 Dec 2018 02:35:27)
[2018.12.10-02.35.27:765][118]LogPlayLevel: Creating play world package: /Game/MyContent/Maps/UEDPIE_0_Main
[2018.12.10-02.35.27:771][118]LogPlayLevel: PIE: StaticDuplicateObject took: (0.005921s)
[2018.12.10-02.35.27:772][118]LogAIModule: Creating AISystem for world Main
[2018.12.10-02.35.27:772][118]LogPlayLevel: PIE: World Init took: (0.000697s)
[2018.12.10-02.35.27:772][118]LogPlayLevel: PIE: Created PIE world by copying editor world from /Game/MyContent/Maps/Main.Main to /Game/MyContent/Maps/UEDPIE_0_Main.Main (0.006758s)
[2018.12.10-02.35.27:803][118]LogInit: XAudio2 using 'Headphones (High Definition Audio Device)' : 2 channels at 44.1 kHz using 16 bits per sample (channel mask 0x3)
[2018.12.10-02.35.27:814][118]LogInit: FAudioDevice initialized.
[2018.12.10-02.35.27:847][118]LogLoad: Game class is 'Bp_ElfBowlingGameModeBase_C'
[2018.12.10-02.35.27:848][118]LogWorld: Bringing World /Game/MyContent/Maps/UEDPIE_0_Main.Main up for play (max tick rate 0) at 2018.12.10-02.35.27
[2018.12.10-02.35.27:848][118]LogWorld: Bringing up level for play took: 0.000954
[2018.12.10-02.35.27:861][118]LogActor: Warning: Bp_Elf_C /Game/MyContent/Maps/UEDPIE_0_Main.Main:PersistentLevel.Bp_Elf_C_0 has natively added scene component(s), but none of them were set as the actor's RootComponent - picking one arbitrarily
[2018.12.10-02.35.27:861][118]LogActor: Warning: Bp_Elf_C /Game/MyContent/Maps/UEDPIE_0_Main.Main:PersistentLevel.Bp_Elf_C_1 has natively added scene component(s), but none of them were set as the actor's RootComponent - picking one arbitrarily
[2018.12.10-02.35.27:861][118]LogActor: Warning: Bp_Elf_C /Game/MyContent/Maps/UEDPIE_0_Main.Main:PersistentLevel.Bp_Elf_C_2 has natively added scene component(s), but none of them were set as the actor's RootComponent - picking one arbitrarily
[2018.12.10-02.35.27:861][118]LogActor: Warning: Bp_Elf_C /Game/MyContent/Maps/UEDPIE_0_Main.Main:PersistentLevel.Bp_Elf_C_3 has natively added scene component(s), but none of them were set as the actor's RootComponent - picking one arbitrarily
[2018.12.10-02.35.27:861][118]LogActor: Warning: Bp_Elf_C /Game/MyContent/Maps/UEDPIE_0_Main.Main:PersistentLevel.Bp_Elf_C_4 has natively added scene component(s), but none of them were set as the actor's RootComponent - picking one arbitrarily
[2018.12.10-02.35.27:861][118]LogActor: Warning: Bp_Elf_C /Game/MyContent/Maps/UEDPIE_0_Main.Main:PersistentLevel.Bp_Elf_C_5 has natively added scene component(s), but none of them were set as the actor's RootComponent - picking one arbitrarily
[2018.12.10-02.35.27:861][118]LogActor: Warning: Bp_Elf_C /Game/MyContent/Maps/UEDPIE_0_Main.Main:PersistentLevel.Bp_Elf_C_6 has natively added scene component(s), but none of them were set as the actor's RootComponent - picking one arbitrarily
[2018.12.10-02.35.27:861][118]LogActor: Warning: Bp_Elf_C /Game/MyContent/Maps/UEDPIE_0_Main.Main:PersistentLevel.Bp_Elf_C_7 has natively added scene component(s), but none of them were set as the actor's RootComponent - picking one arbitrarily
[2018.12.10-02.35.27:862][118]LogActor: Warning: Bp_Elf_C /Game/MyContent/Maps/UEDPIE_0_Main.Main:PersistentLevel.Bp_Elf_C_8 has natively added scene component(s), but none of them were set as the actor's RootComponent - picking one arbitrarily
[2018.12.10-02.35.27:862][118]LogActor: Warning: Bp_Elf_C /Game/MyContent/Maps/UEDPIE_0_Main.Main:PersistentLevel.Bp_Elf_C_9 has natively added scene component(s), but none of them were set as the actor's RootComponent - picking one arbitrarily
[2018.12.10-02.35.27:862][118]PIE: Play in editor start time for /Game/MyContent/Maps/UEDPIE_0_Main -0.156
[2018.12.10-02.35.27:862][118]LogBlueprintUserMessages: Late PlayInEditor Detection: Level '/Game/MyContent/Maps/Main.Main:PersistentLevel' has LevelScriptBlueprint '/Game/MyContent/Maps/Main.Main:PersistentLevel.Main' with GeneratedClass '/Game/MyContent/Maps/Main.Main_C' with ClassGeneratedBy '/Game/MyContent/Maps/Main.Main:PersistentLevel.Main'
[2018.12.10-02.35.28:565][199]LogActor: Warning: Bp_BowlingBall_C /Game/MyContent/Maps/UEDPIE_0_Main.Main:PersistentLevel.Bp_BowlingBall_C_0 has natively added scene component(s), but none of them were set as the actor's RootComponent - picking one arbitrarily
[2018.12.10-02.35.30:950][485]LogBlueprintUserMessages: Early EndPlayMap Detection: Level '/Game/MyContent/Maps/Main.Main:PersistentLevel' has LevelScriptBlueprint '/Game/MyContent/Maps/Main.Main:PersistentLevel.Main' with GeneratedClass '/Game/MyContent/Maps/Main.Main_C' with ClassGeneratedBy '/Game/MyContent/Maps/Main.Main:PersistentLevel.Main'
[2018.12.10-02.35.30:950][485]LogSlate: Updating window title bar state: overlay mode, drag disabled, window buttons hidden, title bar hidden
[2018.12.10-02.35.30:980][485]LogPlayLevel: Display: Shutting down PIE online subsystems
[2018.12.10-02.35.30:980][485]LogBlueprintUserMessages: Late EndPlayMap Detection: Level '/Game/MyContent/Maps/Main.Main:PersistentLevel' has LevelScriptBlueprint '/Game/MyContent/Maps/Main.Main:PersistentLevel.Main' with GeneratedClass '/Game/MyContent/Maps/Main.Main_C' with ClassGeneratedBy '/Game/MyContent/Maps/Main.Main:PersistentLevel.Main'
[2018.12.10-02.35.31:006][485]LogSlate: Updating window title bar state: overlay mode, drag disabled, window buttons hidden, title bar hidden
[2018.12.10-02.35.31:053][489]LogPlayLevel: Display: Destroying online subsystem :Context_11
[2018.12.10-02.35.31:947][596]LogSlate: FSceneViewport::OnFocusLost() reason 0
[2018.12.10-02.35.32:047][608]LogTemp: Repeating last play command: Selected Viewport
[2018.12.10-02.35.32:059][608]LogBlueprintUserMessages: Early PlayInEditor Detection: Level '/Game/MyContent/Maps/Main.Main:PersistentLevel' has LevelScriptBlueprint '/Game/MyContent/Maps/Main.Main:PersistentLevel.Main' with GeneratedClass '/Game/MyContent/Maps/Main.Main_C' with ClassGeneratedBy '/Game/MyContent/Maps/Main.Main:PersistentLevel.Main'
[2018.12.10-02.35.32:059][608]LogPlayLevel: PlayLevel: No blueprints needed recompiling
[2018.12.10-02.35.32:059][608]PIE: New page: PIE session: Main (10 Dec 2018 02:35:32)
[2018.12.10-02.35.32:059][608]LogPlayLevel: Creating play world package: /Game/MyContent/Maps/UEDPIE_0_Main
[2018.12.10-02.35.32:065][608]LogPlayLevel: PIE: StaticDuplicateObject took: (0.005144s)
[2018.12.10-02.35.32:065][608]LogAIModule: Creating AISystem for world Main
[2018.12.10-02.35.32:065][608]LogPlayLevel: PIE: World Init took: (0.000749s)
[2018.12.10-02.35.32:065][608]LogPlayLevel: PIE: Created PIE world by copying editor world from /Game/MyContent/Maps/Main.Main to /Game/MyContent/Maps/UEDPIE_0_Main.Main (0.006021s)
[2018.12.10-02.35.32:097][608]LogInit: XAudio2 using 'Headphones (High Definition Audio Device)' : 2 channels at 44.1 kHz using 16 bits per sample (channel mask 0x3)
[2018.12.10-02.35.32:109][608]LogInit: FAudioDevice initialized.
[2018.12.10-02.35.32:138][608]LogLoad: Game class is 'Bp_ElfBowlingGameModeBase_C'
[2018.12.10-02.35.32:139][608]LogWorld: Bringing World /Game/MyContent/Maps/UEDPIE_0_Main.Main up for play (max tick rate 0) at 2018.12.10-02.35.32
[2018.12.10-02.35.32:139][608]LogWorld: Bringing up level for play took: 0.000766
[2018.12.10-02.35.32:152][608]LogActor: Warning: Bp_Elf_C /Game/MyContent/Maps/UEDPIE_0_Main.Main:PersistentLevel.Bp_Elf_C_0 has natively added scene component(s), but none of them were set as the actor's RootComponent - picking one arbitrarily
[2018.12.10-02.35.32:152][608]LogActor: Warning: Bp_Elf_C /Game/MyContent/Maps/UEDPIE_0_Main.Main:PersistentLevel.Bp_Elf_C_1 has natively added scene component(s), but none of them were set as the actor's RootComponent - picking one arbitrarily
[2018.12.10-02.35.32:152][608]LogActor: Warning: Bp_Elf_C /Game/MyContent/Maps/UEDPIE_0_Main.Main:PersistentLevel.Bp_Elf_C_2 has natively added scene component(s), but none of them were set as the actor's RootComponent - picking one arbitrarily
[2018.12.10-02.35.32:152][608]LogActor: Warning: Bp_Elf_C /Game/MyContent/Maps/UEDPIE_0_Main.Main:PersistentLevel.Bp_Elf_C_3 has natively added scene component(s), but none of them were set as the actor's RootComponent - picking one arbitrarily
[2018.12.10-02.35.32:152][608]LogActor: Warning: Bp_Elf_C /Game/MyContent/Maps/UEDPIE_0_Main.Main:PersistentLevel.Bp_Elf_C_4 has natively added scene component(s), but none of them were set as the actor's RootComponent - picking one arbitrarily
[2018.12.10-02.35.32:152][608]LogActor: Warning: Bp_Elf_C /Game/MyContent/Maps/UEDPIE_0_Main.Main:PersistentLevel.Bp_Elf_C_5 has natively added scene component(s), but none of them were set as the actor's RootComponent - picking one arbitrarily
[2018.12.10-02.35.32:152][608]LogActor: Warning: Bp_Elf_C /Game/MyContent/Maps/UEDPIE_0_Main.Main:PersistentLevel.Bp_Elf_C_6 has natively added scene component(s), but none of them were set as the actor's RootComponent - picking one arbitrarily
[2018.12.10-02.35.32:152][608]LogActor: Warning: Bp_Elf_C /Game/MyContent/Maps/UEDPIE_0_Main.Main:PersistentLevel.Bp_Elf_C_7 has natively added scene component(s), but none of them were set as the actor's RootComponent - picking one arbitrarily
[2018.12.10-02.35.32:153][608]LogActor: Warning: Bp_Elf_C /Game/MyContent/Maps/UEDPIE_0_Main.Main:PersistentLevel.Bp_Elf_C_8 has natively added scene component(s), but none of them were set as the actor's RootComponent - picking one arbitrarily
[2018.12.10-02.35.32:153][608]LogActor: Warning: Bp_Elf_C /Game/MyContent/Maps/UEDPIE_0_Main.Main:PersistentLevel.Bp_Elf_C_9 has natively added scene component(s), but none of them were set as the actor's RootComponent - picking one arbitrarily
[2018.12.10-02.35.32:153][608]PIE: Play in editor start time for /Game/MyContent/Maps/UEDPIE_0_Main 0.134
[2018.12.10-02.35.32:153][608]LogBlueprintUserMessages: Late PlayInEditor Detection: Level '/Game/MyContent/Maps/Main.Main:PersistentLevel' has LevelScriptBlueprint '/Game/MyContent/Maps/Main.Main:PersistentLevel.Main' with GeneratedClass '/Game/MyContent/Maps/Main.Main_C' with ClassGeneratedBy '/Game/MyContent/Maps/Main.Main:PersistentLevel.Main'
[2018.12.10-02.35.33:878][812]LogActor: Warning: Bp_BowlingBall_C /Game/MyContent/Maps/UEDPIE_0_Main.Main:PersistentLevel.Bp_BowlingBall_C_0 has natively added scene component(s), but none of them were set as the actor's RootComponent - picking one arbitrarily
[2018.12.10-02.35.37:629][262]LogBlueprintUserMessages: Early EndPlayMap Detection: Level '/Game/MyContent/Maps/Main.Main:PersistentLevel' has LevelScriptBlueprint '/Game/MyContent/Maps/Main.Main:PersistentLevel.Main' with GeneratedClass '/Game/MyContent/Maps/Main.Main_C' with ClassGeneratedBy '/Game/MyContent/Maps/Main.Main:PersistentLevel.Main'
[2018.12.10-02.35.37:629][262]LogSlate: Updating window title bar state: overlay mode, drag disabled, window buttons hidden, title bar hidden
[2018.12.10-02.35.37:665][262]LogPlayLevel: Display: Shutting down PIE online subsystems
[2018.12.10-02.35.37:666][262]LogBlueprintUserMessages: Late EndPlayMap Detection: Level '/Game/MyContent/Maps/Main.Main:PersistentLevel' has LevelScriptBlueprint '/Game/MyContent/Maps/Main.Main:PersistentLevel.Main' with GeneratedClass '/Game/MyContent/Maps/Main.Main_C' with ClassGeneratedBy '/Game/MyContent/Maps/Main.Main:PersistentLevel.Main'
[2018.12.10-02.35.37:691][262]LogSlate: Updating window title bar state: overlay mode, drag disabled, window buttons hidden, title bar hidden
[2018.12.10-02.35.37:733][264]LogPlayLevel: Display: Destroying online subsystem :Context_12
[2018.12.10-02.35.38:392][343]LogSlate: FSceneViewport::OnFocusLost() reason 0
[2018.12.10-02.35.38:492][355]LogTemp: Repeating last play command: Selected Viewport
[2018.12.10-02.35.38:504][355]LogBlueprintUserMessages: Early PlayInEditor Detection: Level '/Game/MyContent/Maps/Main.Main:PersistentLevel' has LevelScriptBlueprint '/Game/MyContent/Maps/Main.Main:PersistentLevel.Main' with GeneratedClass '/Game/MyContent/Maps/Main.Main_C' with ClassGeneratedBy '/Game/MyContent/Maps/Main.Main:PersistentLevel.Main'
[2018.12.10-02.35.38:504][355]LogPlayLevel: PlayLevel: No blueprints needed recompiling
[2018.12.10-02.35.38:504][355]PIE: New page: PIE session: Main (10 Dec 2018 02:35:38)
[2018.12.10-02.35.38:504][355]LogPlayLevel: Creating play world package: /Game/MyContent/Maps/UEDPIE_0_Main
[2018.12.10-02.35.38:510][355]LogPlayLevel: PIE: StaticDuplicateObject took: (0.005522s)
[2018.12.10-02.35.38:511][355]LogAIModule: Creating AISystem for world Main
[2018.12.10-02.35.38:511][355]LogPlayLevel: PIE: World Init took: (0.000709s)
[2018.12.10-02.35.38:511][355]LogPlayLevel: PIE: Created PIE world by copying editor world from /Game/MyContent/Maps/Main.Main to /Game/MyContent/Maps/UEDPIE_0_Main.Main (0.006348s)
[2018.12.10-02.35.38:540][355]LogInit: XAudio2 using 'Headphones (High Definition Audio Device)' : 2 channels at 44.1 kHz using 16 bits per sample (channel mask 0x3)
[2018.12.10-02.35.38:551][355]LogInit: FAudioDevice initialized.
[2018.12.10-02.35.38:580][355]LogLoad: Game class is 'Bp_ElfBowlingGameModeBase_C'
[2018.12.10-02.35.38:581][355]LogWorld: Bringing World /Game/MyContent/Maps/UEDPIE_0_Main.Main up for play (max tick rate 0) at 2018.12.10-02.35.38
[2018.12.10-02.35.38:581][355]LogWorld: Bringing up level for play took: 0.000850
[2018.12.10-02.35.38:594][355]LogActor: Warning: Bp_Elf_C /Game/MyContent/Maps/UEDPIE_0_Main.Main:PersistentLevel.Bp_Elf_C_0 has natively added scene component(s), but none of them were set as the actor's RootComponent - picking one arbitrarily
[2018.12.10-02.35.38:594][355]LogActor: Warning: Bp_Elf_C /Game/MyContent/Maps/UEDPIE_0_Main.Main:PersistentLevel.Bp_Elf_C_1 has natively added scene component(s), but none of them were set as the actor's RootComponent - picking one arbitrarily
[2018.12.10-02.35.38:594][355]LogActor: Warning: Bp_Elf_C /Game/MyContent/Maps/UEDPIE_0_Main.Main:PersistentLevel.Bp_Elf_C_2 has natively added scene component(s), but none of them were set as the actor's RootComponent - picking one arbitrarily
[2018.12.10-02.35.38:594][355]LogActor: Warning: Bp_Elf_C /Game/MyContent/Maps/UEDPIE_0_Main.Main:PersistentLevel.Bp_Elf_C_3 has natively added scene component(s), but none of them were set as the actor's RootComponent - picking one arbitrarily
[2018.12.10-02.35.38:594][355]LogActor: Warning: Bp_Elf_C /Game/MyContent/Maps/UEDPIE_0_Main.Main:PersistentLevel.Bp_Elf_C_4 has natively added scene component(s), but none of them were set as the actor's RootComponent - picking one arbitrarily
[2018.12.10-02.35.38:594][355]LogActor: Warning: Bp_Elf_C /Game/MyContent/Maps/UEDPIE_0_Main.Main:PersistentLevel.Bp_Elf_C_5 has natively added scene component(s), but none of them were set as the actor's RootComponent - picking one arbitrarily
[2018.12.10-02.35.38:594][355]LogActor: Warning: Bp_Elf_C /Game/MyContent/Maps/UEDPIE_0_Main.Main:PersistentLevel.Bp_Elf_C_6 has natively added scene component(s), but none of them were set as the actor's RootComponent - picking one arbitrarily
[2018.12.10-02.35.38:595][355]LogActor: Warning: Bp_Elf_C /Game/MyContent/Maps/UEDPIE_0_Main.Main:PersistentLevel.Bp_Elf_C_7 has natively added scene component(s), but none of them were set as the actor's RootComponent - picking one arbitrarily
[2018.12.10-02.35.38:595][355]LogActor: Warning: Bp_Elf_C /Game/MyContent/Maps/UEDPIE_0_Main.Main:PersistentLevel.Bp_Elf_C_8 has natively added scene component(s), but none of them were set as the actor's RootComponent - picking one arbitrarily
[2018.12.10-02.35.38:595][355]LogActor: Warning: Bp_Elf_C /Game/MyContent/Maps/UEDPIE_0_Main.Main:PersistentLevel.Bp_Elf_C_9 has natively added scene component(s), but none of them were set as the actor's RootComponent - picking one arbitrarily
[2018.12.10-02.35.38:595][355]PIE: Play in editor start time for /Game/MyContent/Maps/UEDPIE_0_Main 0.576
[2018.12.10-02.35.38:595][355]LogBlueprintUserMessages: Late PlayInEditor Detection: Level '/Game/MyContent/Maps/Main.Main:PersistentLevel' has LevelScriptBlueprint '/Game/MyContent/Maps/Main.Main:PersistentLevel.Main' with GeneratedClass '/Game/MyContent/Maps/Main.Main_C' with ClassGeneratedBy '/Game/MyContent/Maps/Main.Main:PersistentLevel.Main'
[2018.12.10-02.35.40:136][537]LogActor: Warning: Bp_BowlingBall_C /Game/MyContent/Maps/UEDPIE_0_Main.Main:PersistentLevel.Bp_BowlingBall_C_0 has natively added scene component(s), but none of them were set as the actor's RootComponent - picking one arbitrarily
[2018.12.10-02.35.50:181][742]LogBlueprintUserMessages: Early EndPlayMap Detection: Level '/Game/MyContent/Maps/Main.Main:PersistentLevel' has LevelScriptBlueprint '/Game/MyContent/Maps/Main.Main:PersistentLevel.Main' with GeneratedClass '/Game/MyContent/Maps/Main.Main_C' with ClassGeneratedBy '/Game/MyContent/Maps/Main.Main:PersistentLevel.Main'
[2018.12.10-02.35.50:181][742]LogSlate: Updating window title bar state: overlay mode, drag disabled, window buttons hidden, title bar hidden
[2018.12.10-02.35.50:214][742]LogPlayLevel: Display: Shutting down PIE online subsystems
[2018.12.10-02.35.50:214][742]LogBlueprintUserMessages: Late EndPlayMap Detection: Level '/Game/MyContent/Maps/Main.Main:PersistentLevel' has LevelScriptBlueprint '/Game/MyContent/Maps/Main.Main:PersistentLevel.Main' with GeneratedClass '/Game/MyContent/Maps/Main.Main_C' with ClassGeneratedBy '/Game/MyContent/Maps/Main.Main:PersistentLevel.Main'
[2018.12.10-02.35.50:238][742]LogSlate: Updating window title bar state: overlay mode, drag disabled, window buttons hidden, title bar hidden
[2018.12.10-02.35.50:285][746]LogPlayLevel: Display: Destroying online subsystem :Context_13
